This is pdfTeX, Version 3.141592653-2.6-1.40.25 (TeX Live 2023/Homebrew) (preloaded format=pdflatex 2023.9.21)  27 JUN 2024 14:20
entering extended mode
 restricted \write18 enabled.
 %&-line parsing enabled.
**paper.tex
(./paper.tex
LaTeX2e <2022-11-01> patch level 1
L3 programming layer <2023-02-22>
(/usr/local/Cellar/texlive/20230313_2/share/texmf-dist/tex/latex/base/book.cls
Document Class: book 2022/07/02 v1.4n Standard LaTeX document class
(/usr/local/Cellar/texlive/20230313_2/share/texmf-dist/tex/latex/base/bk12.clo
File: bk12.clo 2022/07/02 v1.4n Standard LaTeX file (size option)
)
\c@part=\count185
\c@chapter=\count186
\c@section=\count187
\c@subsection=\count188
\c@subsubsection=\count189
\c@paragraph=\count190
\c@subparagraph=\count191
\c@figure=\count192
\c@table=\count193
\abovecaptionskip=\skip48
\belowcaptionskip=\skip49
\bibindent=\dimen140
)
(/usr/local/Cellar/texlive/20230313_2/share/texmf-dist/tex/latex/geometry/geome
try.sty
Package: geometry 2020/01/02 v5.9 Page Geometry

(/usr/local/Cellar/texlive/20230313_2/share/texmf-dist/tex/latex/graphics/keyva
l.sty
Package: keyval 2022/05/29 v1.15 key=value parser (DPC)
\KV@toks@=\toks16
)
(/usr/local/Cellar/texlive/20230313_2/share/texmf-dist/tex/generic/iftex/ifvtex
.sty
Package: ifvtex 2019/10/25 v1.7 ifvtex legacy package. Use iftex instead.

(/usr/local/Cellar/texlive/20230313_2/share/texmf-dist/tex/generic/iftex/iftex.
sty
Package: iftex 2022/02/03 v1.0f TeX engine tests
))
\Gm@cnth=\count194
\Gm@cntv=\count195
\c@Gm@tempcnt=\count196
\Gm@bindingoffset=\dimen141
\Gm@wd@mp=\dimen142
\Gm@odd@mp=\dimen143
\Gm@even@mp=\dimen144
\Gm@layoutwidth=\dimen145
\Gm@layoutheight=\dimen146
\Gm@layouthoffset=\dimen147
\Gm@layoutvoffset=\dimen148
\Gm@dimlist=\toks17
)
(/usr/local/Cellar/texlive/20230313_2/share/texmf-dist/tex/latex/changes/change
s.sty
Package: changes 2021/07/15 v4.2.1 changes package

*** changes package 2021/07/15 v4.2.1 ***

(/usr/local/Cellar/texlive/20230313_2/share/texmf-dist/tex/latex/xkeyval/xkeyva
l.sty
Package: xkeyval 2022/06/16 v2.9 package option processing (HA)

(/usr/local/Cellar/texlive/20230313_2/share/texmf-dist/tex/generic/xkeyval/xkey
val.tex
(/usr/local/Cellar/texlive/20230313_2/share/texmf-dist/tex/generic/xkeyval/xkvu
tils.tex
\XKV@toks=\toks18
\XKV@tempa@toks=\toks19
)
\XKV@depth=\count197
File: xkeyval.tex 2014/12/03 v2.7a key=value parser (HA)
))
(/usr/local/Cellar/texlive/20230313_2/share/texmf-dist/tex/latex/etoolbox/etool
box.sty
Package: etoolbox 2020/10/05 v2.5k e-TeX tools for LaTeX (JAW)
\etb@tempcnta=\count198
)
(/usr/local/Cellar/texlive/20230313_2/share/texmf-dist/tex/generic/xstring/xstr
ing.sty
(/usr/local/Cellar/texlive/20230313_2/share/texmf-dist/tex/generic/xstring/xstr
ing.tex
\integerpart=\count199
\decimalpart=\count266
)
Package: xstring 2023/01/14 v1.85 String manipulations (CT)
)
ulem-option 'normalem,normalbf', passed to package ulem
truncate-option 'breakall,fit', passed to package truncate
changes-option 'final'
changes-option 'final'

(/usr/local/Cellar/texlive/20230313_2/share/texmf-dist/tex/latex/xcolor/xcolor.
sty
Package: xcolor 2022/06/12 v2.14 LaTeX color extensions (UK)

(/usr/local/Cellar/texlive/20230313_2/share/texmf-dist/tex/latex/graphics-cfg/c
olor.cfg
File: color.cfg 2016/01/02 v1.6 sample color configuration
)
Package xcolor Info: Driver file: pdftex.def on input line 227.

(/usr/local/Cellar/texlive/20230313_2/share/texmf-dist/tex/latex/graphics-def/p
dftex.def
File: pdftex.def 2022/09/22 v1.2b Graphics/color driver for pdftex
)
(/usr/local/Cellar/texlive/20230313_2/share/texmf-dist/tex/latex/graphics/mathc
olor.ltx)
Package xcolor Info: Model `cmy' substituted by `cmy0' on input line 1353.
Package xcolor Info: Model `hsb' substituted by `rgb' on input line 1357.
Package xcolor Info: Model `RGB' extended on input line 1369.
Package xcolor Info: Model `HTML' substituted by `rgb' on input line 1371.
Package xcolor Info: Model `Hsb' substituted by `hsb' on input line 1372.
Package xcolor Info: Model `tHsb' substituted by `hsb' on input line 1373.
Package xcolor Info: Model `HSB' substituted by `hsb' on input line 1374.
Package xcolor Info: Model `Gray' substituted by `gray' on input line 1375.
Package xcolor Info: Model `wave' substituted by `hsb' on input line 1376.
)
(/usr/local/Cellar/texlive/20230313_2/share/texmf-dist/tex/generic/ulem/ulem.st
y
\UL@box=\box51
\UL@hyphenbox=\box52
\UL@skip=\skip50
\UL@hook=\toks20
\UL@height=\dimen149
\UL@pe=\count267
\UL@pixel=\dimen150
\ULC@box=\box53
Package: ulem 2019/11/18
\ULdepth=\dimen151
)
(/usr/local/Cellar/texlive/20230313_2/share/texmf-dist/tex/latex/todonotes/todo
notes.sty
Package: todonotes 2023/01/31 v1.1.6 Todonotes source and documentation.
Package: todonotes 2023/01/31

(/usr/local/Cellar/texlive/20230313_2/share/texmf-dist/tex/latex/base/ifthen.st
y
Package: ifthen 2022/04/13 v1.1d Standard LaTeX ifthen package (DPC)
)
(/usr/local/Cellar/texlive/20230313_2/share/texmf-dist/tex/latex/pgf/frontendla
yer/tikz.sty
(/usr/local/Cellar/texlive/20230313_2/share/texmf-dist/tex/latex/pgf/basiclayer
/pgf.sty
(/usr/local/Cellar/texlive/20230313_2/share/texmf-dist/tex/latex/pgf/utilities/
pgfrcs.sty
(/usr/local/Cellar/texlive/20230313_2/share/texmf-dist/tex/generic/pgf/utilitie
s/pgfutil-common.tex
\pgfutil@everybye=\toks21
\pgfutil@tempdima=\dimen152
\pgfutil@tempdimb=\dimen153
)
(/usr/local/Cellar/texlive/20230313_2/share/texmf-dist/tex/generic/pgf/utilitie
s/pgfutil-latex.def
\pgfutil@abb=\box54
)
(/usr/local/Cellar/texlive/20230313_2/share/texmf-dist/tex/generic/pgf/utilitie
s/pgfrcs.code.tex
(/usr/local/Cellar/texlive/20230313_2/share/texmf-dist/tex/generic/pgf/pgf.revi
sion.tex)
Package: pgfrcs 2023-01-15 v3.1.10 (3.1.10)
))
Package: pgf 2023-01-15 v3.1.10 (3.1.10)

(/usr/local/Cellar/texlive/20230313_2/share/texmf-dist/tex/latex/pgf/basiclayer
/pgfcore.sty
(/usr/local/Cellar/texlive/20230313_2/share/texmf-dist/tex/latex/graphics/graph
icx.sty
Package: graphicx 2021/09/16 v1.2d Enhanced LaTeX Graphics (DPC,SPQR)

(/usr/local/Cellar/texlive/20230313_2/share/texmf-dist/tex/latex/graphics/graph
ics.sty
Package: graphics 2022/03/10 v1.4e Standard LaTeX Graphics (DPC,SPQR)

(/usr/local/Cellar/texlive/20230313_2/share/texmf-dist/tex/latex/graphics/trig.
sty
Package: trig 2021/08/11 v1.11 sin cos tan (DPC)
)
(/usr/local/Cellar/texlive/20230313_2/share/texmf-dist/tex/latex/graphics-cfg/g
raphics.cfg
File: graphics.cfg 2016/06/04 v1.11 sample graphics configuration
)
Package graphics Info: Driver file: pdftex.def on input line 107.
)
\Gin@req@height=\dimen154
\Gin@req@width=\dimen155
)
(/usr/local/Cellar/texlive/20230313_2/share/texmf-dist/tex/latex/pgf/systemlaye
r/pgfsys.sty
(/usr/local/Cellar/texlive/20230313_2/share/texmf-dist/tex/generic/pgf/systemla
yer/pgfsys.code.tex
Package: pgfsys 2023-01-15 v3.1.10 (3.1.10)

(/usr/local/Cellar/texlive/20230313_2/share/texmf-dist/tex/generic/pgf/utilitie
s/pgfkeys.code.tex
\pgfkeys@pathtoks=\toks22
\pgfkeys@temptoks=\toks23

(/usr/local/Cellar/texlive/20230313_2/share/texmf-dist/tex/generic/pgf/utilitie
s/pgfkeyslibraryfiltered.code.tex
\pgfkeys@tmptoks=\toks24
))
\pgf@x=\dimen156
\pgf@y=\dimen157
\pgf@xa=\dimen158
\pgf@ya=\dimen159
\pgf@xb=\dimen160
\pgf@yb=\dimen161
\pgf@xc=\dimen162
\pgf@yc=\dimen163
\pgf@xd=\dimen164
\pgf@yd=\dimen165
\w@pgf@writea=\write3
\r@pgf@reada=\read2
\c@pgf@counta=\count268
\c@pgf@countb=\count269
\c@pgf@countc=\count270
\c@pgf@countd=\count271
\t@pgf@toka=\toks25
\t@pgf@tokb=\toks26
\t@pgf@tokc=\toks27
\pgf@sys@id@count=\count272

(/usr/local/Cellar/texlive/20230313_2/share/texmf-dist/tex/generic/pgf/systemla
yer/pgf.cfg
File: pgf.cfg 2023-01-15 v3.1.10 (3.1.10)
)
Driver file for pgf: pgfsys-pdftex.def

(/usr/local/Cellar/texlive/20230313_2/share/texmf-dist/tex/generic/pgf/systemla
yer/pgfsys-pdftex.def
File: pgfsys-pdftex.def 2023-01-15 v3.1.10 (3.1.10)

(/usr/local/Cellar/texlive/20230313_2/share/texmf-dist/tex/generic/pgf/systemla
yer/pgfsys-common-pdf.def
File: pgfsys-common-pdf.def 2023-01-15 v3.1.10 (3.1.10)
)))
(/usr/local/Cellar/texlive/20230313_2/share/texmf-dist/tex/generic/pgf/systemla
yer/pgfsyssoftpath.code.tex
File: pgfsyssoftpath.code.tex 2023-01-15 v3.1.10 (3.1.10)
\pgfsyssoftpath@smallbuffer@items=\count273
\pgfsyssoftpath@bigbuffer@items=\count274
)
(/usr/local/Cellar/texlive/20230313_2/share/texmf-dist/tex/generic/pgf/systemla
yer/pgfsysprotocol.code.tex
File: pgfsysprotocol.code.tex 2023-01-15 v3.1.10 (3.1.10)
))
(/usr/local/Cellar/texlive/20230313_2/share/texmf-dist/tex/generic/pgf/basiclay
er/pgfcore.code.tex
Package: pgfcore 2023-01-15 v3.1.10 (3.1.10)

(/usr/local/Cellar/texlive/20230313_2/share/texmf-dist/tex/generic/pgf/math/pgf
math.code.tex
(/usr/local/Cellar/texlive/20230313_2/share/texmf-dist/tex/generic/pgf/math/pgf
mathutil.code.tex)
(/usr/local/Cellar/texlive/20230313_2/share/texmf-dist/tex/generic/pgf/math/pgf
mathparser.code.tex
\pgfmath@dimen=\dimen166
\pgfmath@count=\count275
\pgfmath@box=\box55
\pgfmath@toks=\toks28
\pgfmath@stack@operand=\toks29
\pgfmath@stack@operation=\toks30
)
(/usr/local/Cellar/texlive/20230313_2/share/texmf-dist/tex/generic/pgf/math/pgf
mathfunctions.code.tex)
(/usr/local/Cellar/texlive/20230313_2/share/texmf-dist/tex/generic/pgf/math/pgf
mathfunctions.basic.code.tex)
(/usr/local/Cellar/texlive/20230313_2/share/texmf-dist/tex/generic/pgf/math/pgf
mathfunctions.trigonometric.code.tex)
(/usr/local/Cellar/texlive/20230313_2/share/texmf-dist/tex/generic/pgf/math/pgf
mathfunctions.random.code.tex)
(/usr/local/Cellar/texlive/20230313_2/share/texmf-dist/tex/generic/pgf/math/pgf
mathfunctions.comparison.code.tex)
(/usr/local/Cellar/texlive/20230313_2/share/texmf-dist/tex/generic/pgf/math/pgf
mathfunctions.base.code.tex)
(/usr/local/Cellar/texlive/20230313_2/share/texmf-dist/tex/generic/pgf/math/pgf
mathfunctions.round.code.tex)
(/usr/local/Cellar/texlive/20230313_2/share/texmf-dist/tex/generic/pgf/math/pgf
mathfunctions.misc.code.tex)
(/usr/local/Cellar/texlive/20230313_2/share/texmf-dist/tex/generic/pgf/math/pgf
mathfunctions.integerarithmetics.code.tex)
(/usr/local/Cellar/texlive/20230313_2/share/texmf-dist/tex/generic/pgf/math/pgf
mathcalc.code.tex)
(/usr/local/Cellar/texlive/20230313_2/share/texmf-dist/tex/generic/pgf/math/pgf
mathfloat.code.tex
\c@pgfmathroundto@lastzeros=\count276
))
(/usr/local/Cellar/texlive/20230313_2/share/texmf-dist/tex/generic/pgf/math/pgf
int.code.tex)
(/usr/local/Cellar/texlive/20230313_2/share/texmf-dist/tex/generic/pgf/basiclay
er/pgfcorepoints.code.tex
File: pgfcorepoints.code.tex 2023-01-15 v3.1.10 (3.1.10)
\pgf@picminx=\dimen167
\pgf@picmaxx=\dimen168
\pgf@picminy=\dimen169
\pgf@picmaxy=\dimen170
\pgf@pathminx=\dimen171
\pgf@pathmaxx=\dimen172
\pgf@pathminy=\dimen173
\pgf@pathmaxy=\dimen174
\pgf@xx=\dimen175
\pgf@xy=\dimen176
\pgf@yx=\dimen177
\pgf@yy=\dimen178
\pgf@zx=\dimen179
\pgf@zy=\dimen180
)
(/usr/local/Cellar/texlive/20230313_2/share/texmf-dist/tex/generic/pgf/basiclay
er/pgfcorepathconstruct.code.tex
File: pgfcorepathconstruct.code.tex 2023-01-15 v3.1.10 (3.1.10)
\pgf@path@lastx=\dimen181
\pgf@path@lasty=\dimen182
)
(/usr/local/Cellar/texlive/20230313_2/share/texmf-dist/tex/generic/pgf/basiclay
er/pgfcorepathusage.code.tex
File: pgfcorepathusage.code.tex 2023-01-15 v3.1.10 (3.1.10)
\pgf@shorten@end@additional=\dimen183
\pgf@shorten@start@additional=\dimen184
)
(/usr/local/Cellar/texlive/20230313_2/share/texmf-dist/tex/generic/pgf/basiclay
er/pgfcorescopes.code.tex
File: pgfcorescopes.code.tex 2023-01-15 v3.1.10 (3.1.10)
\pgfpic=\box56
\pgf@hbox=\box57
\pgf@layerbox@main=\box58
\pgf@picture@serial@count=\count277
)
(/usr/local/Cellar/texlive/20230313_2/share/texmf-dist/tex/generic/pgf/basiclay
er/pgfcoregraphicstate.code.tex
File: pgfcoregraphicstate.code.tex 2023-01-15 v3.1.10 (3.1.10)
\pgflinewidth=\dimen185
)
(/usr/local/Cellar/texlive/20230313_2/share/texmf-dist/tex/generic/pgf/basiclay
er/pgfcoretransformations.code.tex
File: pgfcoretransformations.code.tex 2023-01-15 v3.1.10 (3.1.10)
\pgf@pt@x=\dimen186
\pgf@pt@y=\dimen187
\pgf@pt@temp=\dimen188
)
(/usr/local/Cellar/texlive/20230313_2/share/texmf-dist/tex/generic/pgf/basiclay
er/pgfcorequick.code.tex
File: pgfcorequick.code.tex 2023-01-15 v3.1.10 (3.1.10)
)
(/usr/local/Cellar/texlive/20230313_2/share/texmf-dist/tex/generic/pgf/basiclay
er/pgfcoreobjects.code.tex
File: pgfcoreobjects.code.tex 2023-01-15 v3.1.10 (3.1.10)
)
(/usr/local/Cellar/texlive/20230313_2/share/texmf-dist/tex/generic/pgf/basiclay
er/pgfcorepathprocessing.code.tex
File: pgfcorepathprocessing.code.tex 2023-01-15 v3.1.10 (3.1.10)
)
(/usr/local/Cellar/texlive/20230313_2/share/texmf-dist/tex/generic/pgf/basiclay
er/pgfcorearrows.code.tex
File: pgfcorearrows.code.tex 2023-01-15 v3.1.10 (3.1.10)
\pgfarrowsep=\dimen189
)
(/usr/local/Cellar/texlive/20230313_2/share/texmf-dist/tex/generic/pgf/basiclay
er/pgfcoreshade.code.tex
File: pgfcoreshade.code.tex 2023-01-15 v3.1.10 (3.1.10)
\pgf@max=\dimen190
\pgf@sys@shading@range@num=\count278
\pgf@shadingcount=\count279
)
(/usr/local/Cellar/texlive/20230313_2/share/texmf-dist/tex/generic/pgf/basiclay
er/pgfcoreimage.code.tex
File: pgfcoreimage.code.tex 2023-01-15 v3.1.10 (3.1.10)
)
(/usr/local/Cellar/texlive/20230313_2/share/texmf-dist/tex/generic/pgf/basiclay
er/pgfcoreexternal.code.tex
File: pgfcoreexternal.code.tex 2023-01-15 v3.1.10 (3.1.10)
\pgfexternal@startupbox=\box59
)
(/usr/local/Cellar/texlive/20230313_2/share/texmf-dist/tex/generic/pgf/basiclay
er/pgfcorelayers.code.tex
File: pgfcorelayers.code.tex 2023-01-15 v3.1.10 (3.1.10)
)
(/usr/local/Cellar/texlive/20230313_2/share/texmf-dist/tex/generic/pgf/basiclay
er/pgfcoretransparency.code.tex
File: pgfcoretransparency.code.tex 2023-01-15 v3.1.10 (3.1.10)
)
(/usr/local/Cellar/texlive/20230313_2/share/texmf-dist/tex/generic/pgf/basiclay
er/pgfcorepatterns.code.tex
File: pgfcorepatterns.code.tex 2023-01-15 v3.1.10 (3.1.10)
)
(/usr/local/Cellar/texlive/20230313_2/share/texmf-dist/tex/generic/pgf/basiclay
er/pgfcorerdf.code.tex
File: pgfcorerdf.code.tex 2023-01-15 v3.1.10 (3.1.10)
)))
(/usr/local/Cellar/texlive/20230313_2/share/texmf-dist/tex/generic/pgf/modules/
pgfmoduleshapes.code.tex
File: pgfmoduleshapes.code.tex 2023-01-15 v3.1.10 (3.1.10)
\pgfnodeparttextbox=\box60
)
(/usr/local/Cellar/texlive/20230313_2/share/texmf-dist/tex/generic/pgf/modules/
pgfmoduleplot.code.tex
File: pgfmoduleplot.code.tex 2023-01-15 v3.1.10 (3.1.10)
)
(/usr/local/Cellar/texlive/20230313_2/share/texmf-dist/tex/latex/pgf/compatibil
ity/pgfcomp-version-0-65.sty
Package: pgfcomp-version-0-65 2023-01-15 v3.1.10 (3.1.10)
\pgf@nodesepstart=\dimen191
\pgf@nodesepend=\dimen192
)
(/usr/local/Cellar/texlive/20230313_2/share/texmf-dist/tex/latex/pgf/compatibil
ity/pgfcomp-version-1-18.sty
Package: pgfcomp-version-1-18 2023-01-15 v3.1.10 (3.1.10)
))
(/usr/local/Cellar/texlive/20230313_2/share/texmf-dist/tex/latex/pgf/utilities/
pgffor.sty
(/usr/local/Cellar/texlive/20230313_2/share/texmf-dist/tex/latex/pgf/utilities/
pgfkeys.sty
(/usr/local/Cellar/texlive/20230313_2/share/texmf-dist/tex/generic/pgf/utilitie
s/pgfkeys.code.tex))
(/usr/local/Cellar/texlive/20230313_2/share/texmf-dist/tex/latex/pgf/math/pgfma
th.sty
(/usr/local/Cellar/texlive/20230313_2/share/texmf-dist/tex/generic/pgf/math/pgf
math.code.tex))
(/usr/local/Cellar/texlive/20230313_2/share/texmf-dist/tex/generic/pgf/utilitie
s/pgffor.code.tex
Package: pgffor 2023-01-15 v3.1.10 (3.1.10)
\pgffor@iter=\dimen193
\pgffor@skip=\dimen194
\pgffor@stack=\toks31
\pgffor@toks=\toks32
))
(/usr/local/Cellar/texlive/20230313_2/share/texmf-dist/tex/generic/pgf/frontend
layer/tikz/tikz.code.tex
Package: tikz 2023-01-15 v3.1.10 (3.1.10)

(/usr/local/Cellar/texlive/20230313_2/share/texmf-dist/tex/generic/pgf/librarie
s/pgflibraryplothandlers.code.tex
File: pgflibraryplothandlers.code.tex 2023-01-15 v3.1.10 (3.1.10)
\pgf@plot@mark@count=\count280
\pgfplotmarksize=\dimen195
)
\tikz@lastx=\dimen196
\tikz@lasty=\dimen197
\tikz@lastxsaved=\dimen198
\tikz@lastysaved=\dimen199
\tikz@lastmovetox=\dimen256
\tikz@lastmovetoy=\dimen257
\tikzleveldistance=\dimen258
\tikzsiblingdistance=\dimen259
\tikz@figbox=\box61
\tikz@figbox@bg=\box62
\tikz@tempbox=\box63
\tikz@tempbox@bg=\box64
\tikztreelevel=\count281
\tikznumberofchildren=\count282
\tikznumberofcurrentchild=\count283
\tikz@fig@count=\count284

(/usr/local/Cellar/texlive/20230313_2/share/texmf-dist/tex/generic/pgf/modules/
pgfmodulematrix.code.tex
File: pgfmodulematrix.code.tex 2023-01-15 v3.1.10 (3.1.10)
\pgfmatrixcurrentrow=\count285
\pgfmatrixcurrentcolumn=\count286
\pgf@matrix@numberofcolumns=\count287
)
\tikz@expandcount=\count288

(/usr/local/Cellar/texlive/20230313_2/share/texmf-dist/tex/generic/pgf/frontend
layer/tikz/libraries/tikzlibrarytopaths.code.tex
File: tikzlibrarytopaths.code.tex 2023-01-15 v3.1.10 (3.1.10)
)))
(/usr/local/Cellar/texlive/20230313_2/share/texmf-dist/tex/generic/pgf/frontend
layer/tikz/libraries/tikzlibrarypositioning.code.tex
File: tikzlibrarypositioning.code.tex 2023-01-15 v3.1.10 (3.1.10)
)
(/usr/local/Cellar/texlive/20230313_2/share/texmf-dist/tex/latex/tools/calc.sty
Package: calc 2017/05/25 v4.3 Infix arithmetic (KKT,FJ)
\calc@Acount=\count289
\calc@Bcount=\count290
\calc@Adimen=\dimen260
\calc@Bdimen=\dimen261
\calc@Askip=\skip51
\calc@Bskip=\skip52
LaTeX Info: Redefining \setlength on input line 80.
LaTeX Info: Redefining \addtolength on input line 81.
\calc@Ccount=\count291
\calc@Cskip=\skip53
)
\c@@todonotes@numberoftodonotes=\count292
)
\c@Changes@AuthorCount=\count293
\c@Changes@Author=\count294
\c@Changes@addedCount=\count295
\c@Changes@deletedCount=\count296
\c@Changes@replacedCount=\count297
\c@Changes@highlightCount=\count298
\c@Changes@commentCount=\count299
\c@authorcommentcount=\count300

(/usr/local/Cellar/texlive/20230313_2/share/texmf-dist/tex/latex/truncate/trunc
ate.sty
Package: truncate 2001/08/20  ver 3.6
\@Trunc@RestHyph=\toks33
)
\Changestruncatewidth=\skip54
\Changes@summary@width=\skip55
)
(/usr/local/Cellar/texlive/20230313_2/share/texmf-dist/tex/latex/lipsum/lipsum.
sty
(/usr/local/Cellar/texlive/20230313_2/share/texmf-dist/tex/latex/l3packages/l3k
eys2e/l3keys2e.sty
(/usr/local/Cellar/texlive/20230313_2/share/texmf-dist/tex/latex/l3kernel/expl3
.sty
Package: expl3 2023-02-22 L3 programming layer (loader) 

(/usr/local/Cellar/texlive/20230313_2/share/texmf-dist/tex/latex/l3backend/l3ba
ckend-pdftex.def
File: l3backend-pdftex.def 2023-01-16 L3 backend support: PDF output (pdfTeX)
\l__color_backend_stack_int=\count301
\l__pdf_internal_box=\box65
))
Package: l3keys2e 2023-02-02 LaTeX2e option processing using LaTeX3 keys
)
Package: lipsum 2021-09-20 v2.7 150 paragraphs of Lorem Ipsum dummy text
\g__lipsum_par_int=\count302
\l__lipsum_a_int=\count303
\l__lipsum_b_int=\count304

(/usr/local/Cellar/texlive/20230313_2/share/texmf-dist/tex/latex/lipsum/lipsum.
ltd.tex))
(/usr/local/Cellar/texlive/20230313_2/share/texmf-dist/tex/latex/tocbibind/tocb
ibind.sty
Package: tocbibind 2010/10/13 v1.5k extra ToC listings
Package tocbibind Info: The document has chapter divisions on input line 50.


Package tocbibind Note: Using chapter style headings, unless overridden.

)
(/usr/local/Cellar/texlive/20230313_2/share/texmf-dist/tex/latex/base/fontenc.s
ty
Package: fontenc 2021/04/29 v2.0v Standard LaTeX package
)
(/usr/local/Cellar/texlive/20230313_2/share/texmf-dist/tex/latex/base/inputenc.
sty
Package: inputenc 2021/02/14 v1.3d Input encoding file
\inpenc@prehook=\toks34
\inpenc@posthook=\toks35
)
(/usr/local/Cellar/texlive/20230313_2/share/texmf-dist/tex/latex/base/flafter.s
ty
Package: flafter 2021/07/31 v1.4e Standard LaTeX floats after reference (FMi)
Applying: [2015/01/01] float order in 2-column on input line 49.
Already applied: [0000/00/00] float order in 2-column on input line 151.
)
(/usr/local/Cellar/texlive/20230313_2/share/texmf-dist/tex/latex/floatrow/float
row.sty
Package: floatrow 2008/08/02 v0.3b floatrow: float package extension

(/usr/local/Cellar/texlive/20230313_2/share/texmf-dist/tex/latex/caption/captio
n3.sty
Package: caption3 2023/03/12 v2.4 caption3 kernel (AR)
\caption@tempdima=\dimen262
\captionmargin=\dimen263
\caption@leftmargin=\dimen264
\caption@rightmargin=\dimen265
\caption@width=\dimen266
\caption@indent=\dimen267
\caption@parindent=\dimen268
\caption@hangindent=\dimen269
Package caption Info: Standard document class detected.
)
\c@float@type=\count305
\float@exts=\toks36
\float@box=\box66
\@floatcapt=\box67
Package floatrow Info: Modified float package code loaded on input line 455.
Package floatrow Info: Modified rotfloat package code loaded on input line 473.

\FR@everyfloat=\toks37
\flrow@foot=\insert252
\FB@wd=\dimen270
\FBo@wd=\dimen271
\FBc@wd=\dimen272
\FBo@ht=\skip56
\FBc@ht=\skip57
\FBf@ht=\skip58
\FBo@max=\skip59
\FBc@max=\skip60
\FBf@max=\skip61
\c@FBl@b=\count306
\floatbox@depth=\count307
\c@FRobj=\count308
\c@FRsobj=\count309
\Xhsize=\skip62
\sXhsize=\skip63
\Zhsize=\skip64
\sZhsize=\skip65
\flrow@rowbox=\box68
\FR@Zunitlength=\dimen273
\c@FBcnt=\count310
\FPOScnt=\count311
\LTleft=\skip66
\LTright=\skip67
\LTleft=\skip68
\LTright=\skip69
\flrow@types=\toks38
)
(/usr/local/Cellar/texlive/20230313_2/share/texmf-dist/tex/latex/placeins/place
ins.sty
Package: placeins 2005/04/18  v 2.2
)
(/usr/local/Cellar/texlive/20230313_2/share/texmf-dist/tex/latex/siunitx/siunit
x.sty
Package: siunitx 2023-03-04 v3.2.2 A comprehensive (SI) units package
\l__siunitx_angle_tmp_dim=\dimen274
\l__siunitx_angle_marker_box=\box69
\l__siunitx_angle_unit_box=\box70
\l__siunitx_compound_count_int=\count312

(/usr/local/Cellar/texlive/20230313_2/share/texmf-dist/tex/latex/translations/t
ranslations.sty
Package: translations 2022/02/05 v1.12 internationalization of LaTeX2e packages
 (CN)

(/usr/local/Cellar/texlive/20230313_2/share/texmf-dist/tex/generic/pdftexcmds/p
dftexcmds.sty
Package: pdftexcmds 2020-06-27 v0.33 Utility functions of pdfTeX for LuaTeX (HO
)

(/usr/local/Cellar/texlive/20230313_2/share/texmf-dist/tex/generic/infwarerr/in
fwarerr.sty
Package: infwarerr 2019/12/03 v1.5 Providing info/warning/error messages (HO)
)
(/usr/local/Cellar/texlive/20230313_2/share/texmf-dist/tex/generic/ltxcmds/ltxc
mds.sty
Package: ltxcmds 2020-05-10 v1.25 LaTeX kernel commands for general use (HO)
)
Package pdftexcmds Info: \pdf@primitive is available.
Package pdftexcmds Info: \pdf@ifprimitive is available.
Package pdftexcmds Info: \pdfdraftmode found.
))
\l__siunitx_number_exponent_fixed_int=\count313
\l__siunitx_number_min_decimal_int=\count314
\l__siunitx_number_min_integer_int=\count315
\l__siunitx_number_round_precision_int=\count316
\l__siunitx_number_lower_threshold_int=\count317
\l__siunitx_number_upper_threshold_int=\count318
\l__siunitx_number_group_first_int=\count319
\l__siunitx_number_group_size_int=\count320
\l__siunitx_number_group_minimum_int=\count321

(/usr/local/Cellar/texlive/20230313_2/share/texmf-dist/tex/latex/amsmath/amstex
t.sty
Package: amstext 2021/08/26 v2.01 AMS text

(/usr/local/Cellar/texlive/20230313_2/share/texmf-dist/tex/latex/amsmath/amsgen
.sty
File: amsgen.sty 1999/11/30 v2.0 generic functions
\@emptytoks=\toks39
\ex@=\dimen275
))
\l__siunitx_table_tmp_box=\box71
\l__siunitx_table_tmp_dim=\dimen276
\l__siunitx_table_column_width_dim=\dimen277
\l__siunitx_table_integer_box=\box72
\l__siunitx_table_decimal_box=\box73
\l__siunitx_table_uncert_box=\box74
\l__siunitx_table_before_box=\box75
\l__siunitx_table_after_box=\box76
\l__siunitx_table_before_dim=\dimen278
\l__siunitx_table_carry_dim=\dimen279
\l__siunitx_unit_tmp_int=\count322
\l__siunitx_unit_position_int=\count323
\l__siunitx_unit_total_int=\count324

(/usr/local/Cellar/texlive/20230313_2/share/texmf-dist/tex/latex/tools/array.st
y
Package: array 2022/09/04 v2.5g Tabular extension package (FMi)
\col@sep=\dimen280
\ar@mcellbox=\box77
\extrarowheight=\dimen281
\NC@list=\toks40
\extratabsurround=\skip70
\backup@length=\skip71
\ar@cellbox=\box78
))
(/usr/local/Cellar/texlive/20230313_2/share/texmf-dist/tex/latex/tools/dcolumn.
sty
Package: dcolumn 2014/10/28 v1.06 decimal alignment package (DPC)
)
(/usr/local/Cellar/texlive/20230313_2/share/texmf-dist/tex/latex/appendix/appen
dix.sty
Package: appendix 2020/02/08 v1.2c extra appendix facilities
\c@@pps=\count325
\c@@ppsavesec=\count326
\c@@ppsaveapp=\count327
)
(/usr/local/Cellar/texlive/20230313_2/share/texmf-dist/tex/latex/amsmath/amsmat
h.sty
Package: amsmath 2022/04/08 v2.17n AMS math features
\@mathmargin=\skip72

For additional information on amsmath, use the `?' option.

(/usr/local/Cellar/texlive/20230313_2/share/texmf-dist/tex/latex/amsmath/amsbsy
.sty
Package: amsbsy 1999/11/29 v1.2d Bold Symbols
\pmbraise@=\dimen282
)
(/usr/local/Cellar/texlive/20230313_2/share/texmf-dist/tex/latex/amsmath/amsopn
.sty
Package: amsopn 2022/04/08 v2.04 operator names
)
\inf@bad=\count328
LaTeX Info: Redefining \frac on input line 234.
\uproot@=\count329
\leftroot@=\count330
LaTeX Info: Redefining \overline on input line 399.
LaTeX Info: Redefining \colon on input line 410.
\classnum@=\count331
\DOTSCASE@=\count332
LaTeX Info: Redefining \ldots on input line 496.
LaTeX Info: Redefining \dots on input line 499.
LaTeX Info: Redefining \cdots on input line 620.
\Mathstrutbox@=\box79
\strutbox@=\box80
LaTeX Info: Redefining \big on input line 722.
LaTeX Info: Redefining \Big on input line 723.
LaTeX Info: Redefining \bigg on input line 724.
LaTeX Info: Redefining \Bigg on input line 725.
\big@size=\dimen283
LaTeX Font Info:    Redeclaring font encoding OML on input line 743.
LaTeX Font Info:    Redeclaring font encoding OMS on input line 744.
\macc@depth=\count333
LaTeX Info: Redefining \bmod on input line 905.
LaTeX Info: Redefining \pmod on input line 910.
LaTeX Info: Redefining \smash on input line 940.
LaTeX Info: Redefining \relbar on input line 970.
LaTeX Info: Redefining \Relbar on input line 971.
\c@MaxMatrixCols=\count334
\dotsspace@=\muskip16
\c@parentequation=\count335
\dspbrk@lvl=\count336
\tag@help=\toks41
\row@=\count337
\column@=\count338
\maxfields@=\count339
\andhelp@=\toks42
\eqnshift@=\dimen284
\alignsep@=\dimen285
\tagshift@=\dimen286
\tagwidth@=\dimen287
\totwidth@=\dimen288
\lineht@=\dimen289
\@envbody=\toks43
\multlinegap=\skip73
\multlinetaggap=\skip74
\mathdisplay@stack=\toks44
LaTeX Info: Redefining \[ on input line 2953.
LaTeX Info: Redefining \] on input line 2954.
)
(/usr/local/Cellar/texlive/20230313_2/share/texmf-dist/tex/latex/cases/cases.st
y
Package: cases 2020/03/29 ver 3.2
\numc@numwid=\dimen290
)
(/usr/local/Cellar/texlive/20230313_2/share/texmf-dist/tex/latex/amsfonts/amssy
mb.sty
Package: amssymb 2013/01/14 v3.01 AMS font symbols

(/usr/local/Cellar/texlive/20230313_2/share/texmf-dist/tex/latex/amsfonts/amsfo
nts.sty
Package: amsfonts 2013/01/14 v3.01 Basic AMSFonts support
\symAMSa=\mathgroup4
\symAMSb=\mathgroup5
LaTeX Font Info:    Redeclaring math symbol \hbar on input line 98.
LaTeX Font Info:    Overwriting math alphabet `\mathfrak' in version `bold'
(Font)                  U/euf/m/n --> U/euf/b/n on input line 106.
))
(/usr/local/Cellar/texlive/20230313_2/share/texmf-dist/tex/latex/enumitem/enumi
tem.sty
Package: enumitem 2019/06/20 v3.9 Customized lists
\labelindent=\skip75
\enit@outerparindent=\dimen291
\enit@toks=\toks45
\enit@inbox=\box81
\enit@count@id=\count340
\enitdp@description=\count341
)
(/usr/local/Cellar/texlive/20230313_2/share/texmf-dist/tex/generic/soul/soul.st
y
Package: soul 2023-02-18 v3.0 Permit use of UTF-8 characters in soul (HO)

(/usr/local/Cellar/texlive/20230313_2/share/texmf-dist/tex/generic/soul/soul-or
i.sty
Package: soul-ori 2023-02-18 v3.0 letterspacing/underlining (mf)
\SOUL@word=\toks46
\SOUL@lasttoken=\toks47
\SOUL@syllable=\toks48
\SOUL@cmds=\toks49
\SOUL@buffer=\toks50
\SOUL@token=\toks51
\SOUL@syllgoal=\dimen292
\SOUL@syllwidth=\dimen293
\SOUL@charkern=\dimen294
\SOUL@hyphkern=\dimen295
\SOUL@dimen=\dimen296
\SOUL@dimeni=\dimen297
\SOUL@minus=\count342
\SOUL@comma=\count343
\SOUL@apo=\count344
\SOUL@grave=\count345
\SOUL@spaceskip=\skip76
\SOUL@ttwidth=\dimen298
\SOUL@uldp=\dimen299
\SOUL@ulht=\dimen300
)
(/usr/local/Cellar/texlive/20230313_2/share/texmf-dist/tex/generic/etexcmds/ete
xcmds.sty
Package: etexcmds 2019/12/15 v1.7 Avoid name clashes with e-TeX commands (HO)
))
(/usr/local/Cellar/texlive/20230313_2/share/texmf-dist/tex/latex/tools/indentfi
rst.sty
Package: indentfirst 1995/11/23 v1.03 Indent first paragraph (DPC)
)
(/usr/local/Cellar/texlive/20230313_2/share/texmf-dist/tex/latex/hyphenat/hyphe
nat.sty
Package: hyphenat 2009/09/02 v2.3c hyphenation utilities
\langwohyphens=\language87
LaTeX Info: Redefining \_ on input line 43.
)
(/usr/local/Cellar/texlive/20230313_2/share/texmf-dist/tex/latex/tools/xspace.s
ty
Package: xspace 2014/10/28 v1.13 Space after command names (DPC,MH)
)
(/usr/local/Cellar/texlive/20230313_2/share/texmf-dist/tex/latex/caption/subcap
tion.sty
Package: subcaption 2023/02/19 v1.6 Sub-captions (AR)

(/usr/local/Cellar/texlive/20230313_2/share/texmf-dist/tex/latex/caption/captio
n.sty
Package: caption 2023/03/12 v3.6j Customizing captions (AR)
\c@caption@flags=\count346
\c@continuedfloat=\count347
Package caption Info: float package is loaded.
Package caption Info: floatrow package is loaded.
Package caption Info: floatrow package is loaded.
)
Package caption Info: New subtype `subfigure' on input line 239.
\c@subfigure=\count348
Package caption Info: New subtype `subtable' on input line 239.
\c@subtable=\count349
)
(/usr/local/Cellar/texlive/20230313_2/share/texmf-dist/tex/latex/booktabs/bookt
abs.sty
Package: booktabs 2020/01/12 v1.61803398 Publication quality tables
\heavyrulewidth=\dimen301
\lightrulewidth=\dimen302
\cmidrulewidth=\dimen303
\belowrulesep=\dimen304
\belowbottomsep=\dimen305
\aboverulesep=\dimen306
\abovetopsep=\dimen307
\cmidrulesep=\dimen308
\cmidrulekern=\dimen309
\defaultaddspace=\dimen310
\@cmidla=\count350
\@cmidlb=\count351
\@aboverulesep=\dimen311
\@belowrulesep=\dimen312
\@thisruleclass=\count352
\@lastruleclass=\count353
\@thisrulewidth=\dimen313
)
(/usr/local/Cellar/texlive/20230313_2/share/texmf-dist/tex/latex/multirow/multi
row.sty
Package: multirow 2021/03/15 v2.8 Span multiple rows of a table
\multirow@colwidth=\skip77
\multirow@cntb=\count354
\multirow@dima=\skip78
\bigstrutjot=\dimen314
)
(/usr/local/Cellar/texlive/20230313_2/share/texmf-dist/tex/latex/tools/tabularx
.sty
Package: tabularx 2020/01/15 v2.11c `tabularx' package (DPC)
\TX@col@width=\dimen315
\TX@old@table=\dimen316
\TX@old@col=\dimen317
\TX@target=\dimen318
\TX@delta=\dimen319
\TX@cols=\count355
\TX@ftn=\toks52
)
(/usr/local/Cellar/texlive/20230313_2/share/texmf-dist/tex/latex/lineno/lineno.
sty
Package: lineno 2023/01/19 line numbers on paragraphs v5.1
\linenopenalty=\count356
\output=\toks53
\linenoprevgraf=\count357
\linenumbersep=\dimen320
\linenumberwidth=\dimen321
\c@linenumber=\count358
\c@pagewiselinenumber=\count359
\c@LN@truepage=\count360
\c@internallinenumber=\count361
\c@internallinenumbers=\count362
\quotelinenumbersep=\dimen322
\bframerule=\dimen323
\bframesep=\dimen324
\bframebox=\box82
\linenoamsmath@ams@eqpen=\count363
LaTeX Info: Redefining \\ on input line 3131.
)
(/usr/local/Cellar/texlive/20230313_2/share/texmf-dist/tex/latex/setspace/setsp
ace.sty
Package: setspace 2022/12/04 v6.7b set line spacing
)
(/usr/local/Cellar/texlive/20230313_2/share/texmf-dist/tex/latex/titlesec/title
sec.sty
Package: titlesec 2021/07/05 v2.14 Sectioning titles
\ttl@box=\box83
\beforetitleunit=\skip79
\aftertitleunit=\skip80
\ttl@plus=\dimen325
\ttl@minus=\dimen326
\ttl@toksa=\toks54
\titlewidth=\dimen327
\titlewidthlast=\dimen328
\titlewidthfirst=\dimen329
)
(/usr/local/Cellar/texlive/20230313_2/share/texmf-dist/tex/latex/hyperref/hyper
ref.sty
Package: hyperref 2023-02-07 v7.00v Hypertext links for LaTeX

(/usr/local/Cellar/texlive/20230313_2/share/texmf-dist/tex/latex/kvsetkeys/kvse
tkeys.sty
Package: kvsetkeys 2022-10-05 v1.19 Key value parser (HO)
)
(/usr/local/Cellar/texlive/20230313_2/share/texmf-dist/tex/generic/kvdefinekeys
/kvdefinekeys.sty
Package: kvdefinekeys 2019-12-19 v1.6 Define keys (HO)
)
(/usr/local/Cellar/texlive/20230313_2/share/texmf-dist/tex/generic/pdfescape/pd
fescape.sty
Package: pdfescape 2019/12/09 v1.15 Implements pdfTeX's escape features (HO)
)
(/usr/local/Cellar/texlive/20230313_2/share/texmf-dist/tex/latex/hycolor/hycolo
r.sty
Package: hycolor 2020-01-27 v1.10 Color options for hyperref/bookmark (HO)
)
(/usr/local/Cellar/texlive/20230313_2/share/texmf-dist/tex/latex/letltxmacro/le
tltxmacro.sty
Package: letltxmacro 2019/12/03 v1.6 Let assignment for LaTeX macros (HO)
)
(/usr/local/Cellar/texlive/20230313_2/share/texmf-dist/tex/latex/auxhook/auxhoo
k.sty
Package: auxhook 2019-12-17 v1.6 Hooks for auxiliary files (HO)
)
(/usr/local/Cellar/texlive/20230313_2/share/texmf-dist/tex/latex/hyperref/namer
ef.sty
Package: nameref 2022-05-17 v2.50 Cross-referencing by name of section

(/usr/local/Cellar/texlive/20230313_2/share/texmf-dist/tex/latex/refcount/refco
unt.sty
Package: refcount 2019/12/15 v3.6 Data extraction from label references (HO)
)
(/usr/local/Cellar/texlive/20230313_2/share/texmf-dist/tex/generic/gettitlestri
ng/gettitlestring.sty
Package: gettitlestring 2019/12/15 v1.6 Cleanup title references (HO)

(/usr/local/Cellar/texlive/20230313_2/share/texmf-dist/tex/latex/kvoptions/kvop
tions.sty
Package: kvoptions 2022-06-15 v3.15 Key value format for package options (HO)
))
\c@section@level=\count364
)
\@linkdim=\dimen330
\Hy@linkcounter=\count365
\Hy@pagecounter=\count366

(/usr/local/Cellar/texlive/20230313_2/share/texmf-dist/tex/latex/hyperref/pd1en
c.def
File: pd1enc.def 2023-02-07 v7.00v Hyperref: PDFDocEncoding definition (HO)
Now handling font encoding PD1 ...
... no UTF-8 mapping file for font encoding PD1
)
(/usr/local/Cellar/texlive/20230313_2/share/texmf-dist/tex/generic/intcalc/intc
alc.sty
Package: intcalc 2019/12/15 v1.3 Expandable calculations with integers (HO)
)
\Hy@SavedSpaceFactor=\count367

(/usr/local/Cellar/texlive/20230313_2/share/texmf-dist/tex/latex/hyperref/puenc
.def
File: puenc.def 2023-02-07 v7.00v Hyperref: PDF Unicode definition (HO)
Now handling font encoding PU ...
... no UTF-8 mapping file for font encoding PU
)
Package hyperref Info: Option `final' set `true' on input line 4060.
Package hyperref Info: Hyper figures OFF on input line 4177.
Package hyperref Info: Link nesting OFF on input line 4182.
Package hyperref Info: Hyper index ON on input line 4185.
Package hyperref Info: Plain pages OFF on input line 4192.
Package hyperref Info: Backreferencing OFF on input line 4197.
Package hyperref Info: Implicit mode ON; LaTeX internals redefined.
Package hyperref Info: Bookmarks ON on input line 4425.
\c@Hy@tempcnt=\count368

(/usr/local/Cellar/texlive/20230313_2/share/texmf-dist/tex/latex/url/url.sty
\Urlmuskip=\muskip17
Package: url 2013/09/16  ver 3.4  Verb mode for urls, etc.
)
LaTeX Info: Redefining \url on input line 4763.
\XeTeXLinkMargin=\dimen331

(/usr/local/Cellar/texlive/20230313_2/share/texmf-dist/tex/generic/bitset/bitse
t.sty
Package: bitset 2019/12/09 v1.3 Handle bit-vector datatype (HO)

(/usr/local/Cellar/texlive/20230313_2/share/texmf-dist/tex/generic/bigintcalc/b
igintcalc.sty
Package: bigintcalc 2019/12/15 v1.5 Expandable calculations on big integers (HO
)
))
\Fld@menulength=\count369
\Field@Width=\dimen332
\Fld@charsize=\dimen333
Package hyperref Info: Hyper figures OFF on input line 6042.
Package hyperref Info: Link nesting OFF on input line 6047.
Package hyperref Info: Hyper index ON on input line 6050.
Package hyperref Info: backreferencing OFF on input line 6057.
Package hyperref Info: Link coloring OFF on input line 6062.
Package hyperref Info: Link coloring with OCG OFF on input line 6067.
Package hyperref Info: PDF/A mode OFF on input line 6072.

(/usr/local/Cellar/texlive/20230313_2/share/texmf-dist/tex/latex/base/atbegshi-
ltx.sty
Package: atbegshi-ltx 2021/01/10 v1.0c Emulation of the original atbegshi
package with kernel methods
)
\Hy@abspage=\count370
\c@Item=\count371
\c@Hfootnote=\count372
)
Package hyperref Info: Driver (autodetected): hpdftex.

(/usr/local/Cellar/texlive/20230313_2/share/texmf-dist/tex/latex/hyperref/hpdft
ex.def
File: hpdftex.def 2023-02-07 v7.00v Hyperref driver for pdfTeX

(/usr/local/Cellar/texlive/20230313_2/share/texmf-dist/tex/latex/base/atveryend
-ltx.sty
Package: atveryend-ltx 2020/08/19 v1.0a Emulation of the original atveryend pac
kage
with kernel methods
)
\Fld@listcount=\count373
\c@bookmark@seq@number=\count374

(/usr/local/Cellar/texlive/20230313_2/share/texmf-dist/tex/latex/rerunfilecheck
/rerunfilecheck.sty
Package: rerunfilecheck 2022-07-10 v1.10 Rerun checks for auxiliary files (HO)

(/usr/local/Cellar/texlive/20230313_2/share/texmf-dist/tex/generic/uniquecounte
r/uniquecounter.sty
Package: uniquecounter 2019/12/15 v1.4 Provide unlimited unique counter (HO)
)
Package uniquecounter Info: New unique counter `rerunfilecheck' on input line 2
85.
)
\Hy@SectionHShift=\skip81
)
(/usr/local/Cellar/texlive/20230313_2/share/texmf-dist/tex/latex/cite/cite.sty
LaTeX Info: Redefining \cite on input line 302.
LaTeX Info: Redefining \nocite on input line 332.
Package: cite 2015/02/27  v 5.5
LaTeX Info: Redefining \cite on input line 441.
)
Package hyperref Info: Option `colorlinks' set `true' on input line 63.

(/usr/local/Cellar/texlive/20230313_2/share/texmf-dist/tex/latex/tocloft/toclof
t.sty
Package: tocloft 2017/08/31 v2.3i parameterised ToC, etc., typesetting
Package tocloft Info: The document has chapter divisions on input line 51.
\cftparskip=\skip82
\cftbeforetoctitleskip=\skip83
\cftaftertoctitleskip=\skip84
\cftbeforepartskip=\skip85
\cftpartnumwidth=\skip86
\cftpartindent=\skip87
\cftbeforechapskip=\skip88
\cftchapindent=\skip89
\cftchapnumwidth=\skip90
\cftbeforesecskip=\skip91
\cftsecindent=\skip92
\cftsecnumwidth=\skip93
\cftbeforesubsecskip=\skip94
\cftsubsecindent=\skip95
\cftsubsecnumwidth=\skip96
\cftbeforesubsubsecskip=\skip97
\cftsubsubsecindent=\skip98
\cftsubsubsecnumwidth=\skip99
\cftbeforeparaskip=\skip100
\cftparaindent=\skip101
\cftparanumwidth=\skip102
\cftbeforesubparaskip=\skip103
\cftsubparaindent=\skip104
\cftsubparanumwidth=\skip105
\cftbeforeloftitleskip=\skip106
\cftafterloftitleskip=\skip107
\cftbeforefigskip=\skip108
\cftfigindent=\skip109
\cftfignumwidth=\skip110
\c@lofdepth=\count375
\c@lotdepth=\count376
\cftbeforelottitleskip=\skip111
\cftafterlottitleskip=\skip112
\cftbeforetabskip=\skip113
\cfttabindent=\skip114
\cfttabnumwidth=\skip115
)
Package translations Info: No language package found. I am going to use `englis
h' as default language. on input line 124.
 (./paper.aux)
\openout1 = `paper.aux'.

LaTeX Font Info:    Checking defaults for OML/cmm/m/it on input line 124.
LaTeX Font Info:    ... okay on input line 124.
LaTeX Font Info:    Checking defaults for OMS/cmsy/m/n on input line 124.
LaTeX Font Info:    ... okay on input line 124.
LaTeX Font Info:    Checking defaults for OT1/cmr/m/n on input line 124.
LaTeX Font Info:    ... okay on input line 124.
LaTeX Font Info:    Checking defaults for T1/cmr/m/n on input line 124.
LaTeX Font Info:    ... okay on input line 124.
LaTeX Font Info:    Checking defaults for TS1/cmr/m/n on input line 124.
LaTeX Font Info:    ... okay on input line 124.
LaTeX Font Info:    Checking defaults for OMX/cmex/m/n on input line 124.
LaTeX Font Info:    ... okay on input line 124.
LaTeX Font Info:    Checking defaults for U/cmr/m/n on input line 124.
LaTeX Font Info:    ... okay on input line 124.
LaTeX Font Info:    Checking defaults for PD1/pdf/m/n on input line 124.
LaTeX Font Info:    ... okay on input line 124.
LaTeX Font Info:    Checking defaults for PU/pdf/m/n on input line 124.
LaTeX Font Info:    ... okay on input line 124.

*geometry* driver: auto-detecting
*geometry* detected driver: pdftex
*geometry* verbose mode - [ preamble ] result:
* driver: pdftex
* paper: letterpaper
* layout: <same size as paper>
* layoutoffset:(h,v)=(0.0pt,0.0pt)
* modes: twoside 
* h-part:(L,W,R)=(72.26999pt, 469.75502pt, 72.26999pt)
* v-part:(T,H,B)=(72.26999pt, 650.43001pt, 72.26999pt)
* \paperwidth=614.295pt
* \paperheight=794.96999pt
* \textwidth=469.75502pt
* \textheight=650.43001pt
* \oddsidemargin=0.0pt
* \evensidemargin=0.0pt
* \topmargin=-31.8738pt
* \headheight=12.0pt
* \headsep=19.8738pt
* \topskip=12.0pt
* \footskip=18.06749pt
* \marginparwidth=98.0pt
* \marginparsep=7.0pt
* \columnsep=10.0pt
* \skip\footins=10.8pt plus 4.0pt minus 2.0pt
* \hoffset=0.0pt
* \voffset=0.0pt
* \mag=1000
* \@twocolumnfalse
* \@twosidetrue
* \@mparswitchtrue
* \@reversemarginfalse
* (1in=72.27pt=25.4mm, 1cm=28.453pt)


(/usr/local/Cellar/texlive/20230313_2/share/texmf-dist/tex/context/base/mkii/su
pp-pdf.mkii
[Loading MPS to PDF converter (version 2006.09.02).]
\scratchcounter=\count377
\scratchdimen=\dimen334
\scratchbox=\box84
\nofMPsegments=\count378
\nofMParguments=\count379
\everyMPshowfont=\toks55
\MPscratchCnt=\count380
\MPscratchDim=\dimen335
\MPnumerator=\count381
\makeMPintoPDFobject=\count382
\everyMPtoPDFconversion=\toks56
)
(/usr/local/Cellar/texlive/20230313_2/share/texmf-dist/tex/latex/epstopdf-pkg/e
pstopdf-base.sty
Package: epstopdf-base 2020-01-24 v2.11 Base part for package epstopdf

(/usr/local/Cellar/texlive/20230313_2/share/texmf-dist/tex/latex/grfext/grfext.
sty
Package: grfext 2019/12/03 v1.3 Manage graphics extensions (HO)
)
Package epstopdf-base Info: Redefining graphics rule for `.eps' on input line 4
85.
Package grfext Info: Graphics extension search list:
(grfext)             [.pdf,.png,.jpg,.mps,.jpeg,.jbig2,.jb2,.PDF,.PNG,.JPG,.JPE
G,.JBIG2,.JB2,.eps]
(grfext)             \AppendGraphicsExtensions on input line 504.

(/usr/local/Cellar/texlive/20230313_2/share/texmf-dist/tex/latex/latexconfig/ep
stopdf-sys.cfg
File: epstopdf-sys.cfg 2010/07/13 v1.3 Configuration of (r)epstopdf for TeX Liv
e
))
Package caption Info: Begin \AtBeginDocument code.
Package caption Info: hyperref package is loaded.
Package caption Info: End \AtBeginDocument code.

(/usr/local/Cellar/texlive/20230313_2/share/texmf-dist/tex/latex/translations/t
ranslations-basic-dictionary-english.trsl
File: translations-basic-dictionary-english.trsl (english translation file `tra
nslations-basic-dictionary')
)
Package translations Info: loading dictionary `translations-basic-dictionary' f
or `english'. on input line 124.
Package hyperref Info: Link coloring ON on input line 124.
 (./paper.out) (./paper.out)
\@outlinefile=\write4
\openout4 = `paper.out'.

LaTeX Font Info:    Trying to load font information for U+msa on input line 151
.

(/usr/local/Cellar/texlive/20230313_2/share/texmf-dist/tex/latex/amsfonts/umsa.
fd
File: umsa.fd 2013/01/14 v3.01 AMS symbols A
)
LaTeX Font Info:    Trying to load font information for U+msb on input line 151
.

(/usr/local/Cellar/texlive/20230313_2/share/texmf-dist/tex/latex/amsfonts/umsb.
fd
File: umsb.fd 2013/01/14 v3.01 AMS symbols B
) [1


{/usr/local/Cellar/texlive/20230313_2/share/texmf-dist/fonts/map/pdftex/updmap/
pdftex.map}{/usr/local/Cellar/texlive/20230313_2/share/texmf-dist/fonts/enc/dvi
ps/cm-super/cm-super-t1.enc}{/usr/local/Cellar/texlive/20230313_2/share/texmf-d
ist/fonts/enc/dvips/cm-super/cm-super-ts1.enc}] (./paper.toc)
\tf@toc=\write5
\openout5 = `paper.toc'.

 [1

]
(./paper.lot)
\tf@lot=\write6
\openout6 = `paper.lot'.

 [2

] (./paper.lof)
\tf@lof=\write7
\openout7 = `paper.lof'.

 [3

] [4

]
Chapter 1.

LaTeX Warning: Citation `saunders:2019' on page v undefined on input line 197.


LaTeX Warning: Citation `van:2008:lipidvariety' on page 1 undefined on input li
ne 201.


LaTeX Warning: Citation `pandit:2008:simulationtextbook' on page 1 undefined on
 input line 203.


LaTeX Warning: Citation `israelachvili:2011:intermol' on page 1 undefined on in
put line 203.


LaTeX Warning: Citation `israelachvili:2011:intermol' on page 1 undefined on in
put line 208.


LaTeX Warning: Citation `israelachvili:2011:intermol' on page 1 undefined on in
put line 212.


LaTeX Warning: Citation `ashrafuzzaman:2012:membrane' on page 1 undefined on in
put line 212.


LaTeX Warning: Citation `reece:2014:biobook' on page 1 undefined on input line 
226.


LaTeX Warning: Citation `pandit:2008:simulationtextbook' on page 1 undefined on
 input line 228.


LaTeX Warning: Citation `van:2008:lipidvariety' on page 1 undefined on input li
ne 228.


LaTeX Warning: Citation `zhang:2008:memhomeo' on page 1 undefined on input line
 228.


LaTeX Warning: Citation `reece:2014:biobook' on page 1 undefined on input line 
232.


LaTeX Warning: Citation `van:2008:lipidvariety' on page 1 undefined on input li
ne 234.


LaTeX Warning: Citation `zhang:2008:memhomeo' on page 1 undefined on input line
 234.


LaTeX Warning: Citation `israelachvili:2011:intermol' on page 1 undefined on in
put line 239.


LaTeX Warning: Citation `ashrafuzzaman:2012:membrane' on page 1 undefined on in
put line 243.


LaTeX Warning: Citation `zhang:2008:memhomeo' on page 1 undefined on input line
 243.


pdfTeX warning (ext4): destination with the same identifier (name{page.1}) has 
been already used, duplicate ignored
<to be read again> 
                   \relax 
l.244 
       [1

]

LaTeX Warning: Citation `sehgal:1962' on page 2 undefined on input line 246.


LaTeX Warning: Citation `koga:2014' on page 2 undefined on input line 246.


LaTeX Warning: Citation `sehgal:1962' on page 2 undefined on input line 249.


LaTeX Warning: Citation `koga:2014' on page 2 undefined on input line 249.


LaTeX Warning: Citation `kates:1993:archealipids' on page 2 undefined on input 
line 249.


LaTeX Warning: Reference `fig:struc' on page 2 undefined on input line 251.

<figures//images/Structure_annotated.jpg, id=119, 12909.22874pt x 15223.87625pt
>
File: figures//images/Structure_annotated.jpg Graphic file (type jpg)
<use figures//images/Structure_annotated.jpg>
Package pdftex.def Info: figures//images/Structure_annotated.jpg  used on input
 line 261.
(pdftex.def)             Requested size: 441.23233pt x 520.34598pt.

LaTeX Warning: Citation `guler:2009' on page 2 undefined on input line 265.


LaTeX Warning: Citation `jansen:1995' on page 2 undefined on input line 265.


LaTeX Warning: Citation `gawrisch:1992' on page 2 undefined on input line 265.


LaTeX Warning: Citation `haas:1990' on page 2 undefined on input line 265.


LaTeX Warning: Citation `fogarty:2015' on page 2 undefined on input line 265.


LaTeX Warning: Citation `kruczek:2017:ether' on page 2 undefined on input line 
265.


LaTeX Warning: Citation `gawrisch:1992' on page 2 undefined on input line 267.


LaTeX Warning: Citation `kruczek:2017:ether' on page 2 undefined on input line 
268.


LaTeX Warning: Citation `gawrisch:1992' on page 2 undefined on input line 269.


LaTeX Warning: Citation `kruczek:2017:ether' on page 2 undefined on input line 
270.


LaTeX Warning: Citation `jansen:1995' on page 2 undefined on input line 272.


LaTeX Warning: Citation `guler:2009' on page 2 undefined on input line 272.


LaTeX Warning: Citation `leonard:2018' on page 2 undefined on input line 275.


LaTeX Warning: Citation `leonard:2018' on page 2 undefined on input line 276.


LaTeX Warning: Citation `reece:2014:biobook' on page 2 undefined on input line 
278.


LaTeX Warning: Citation `kruczek:2019' on page 2 undefined on input line 282.


LaTeX Warning: Citation `kruczek:2017' on page 2 undefined on input line 282.


LaTeX Warning: Citation `duro:2016' on page 2 undefined on input line 282.


LaTeX Warning: Citation `pabst:2007' on page 2 undefined on input line 282.


LaTeX Warning: Citation `sachs:2004' on page 2 undefined on input line 282.


LaTeX Warning: Citation `petrache:2006:swelling' on page 2 undefined on input l
ine 282.


LaTeX Warning: Citation `leonard:2018' on page 2 undefined on input line 282.


LaTeX Warning: Citation `kruczek:2019' on page 2 undefined on input line 283.


LaTeX Warning: Citation `kruczek:2017' on page 2 undefined on input line 283.


Underfull \vbox (badness 10000) has occurred while \output is active []

 [2]
[3 <./figures//images/Structure_annotated.jpg>]

LaTeX Warning: Citation `dror:2012:biomicroscope' on page 4 undefined on input 
line 303.


LaTeX Warning: Citation `pandit:2008:simulationtextbook' on page 4 undefined on
 input line 304.


LaTeX Warning: Citation `dror:2012:biomicroscope' on page 4 undefined on input 
line 304.


LaTeX Warning: Citation `pandit:2008:simulationtextbook' on page 4 undefined on
 input line 306.


LaTeX Warning: Citation `tieleman:1997:memsim' on page 4 undefined on input lin
e 310.


LaTeX Warning: Citation `pandit:2008:simulationtextbook' on page 4 undefined on
 input line 310.


LaTeX Warning: Citation `tieleman:1997:memsim' on page 4 undefined on input lin
e 312.


LaTeX Warning: Citation `pandit:2008:simulationtextbook' on page 4 undefined on
 input line 312.


LaTeX Warning: Citation `frenkel:2001:molsimbook' on page 4 undefined on input 
line 315.


LaTeX Warning: Reference `eq:mdpot' on page 4 undefined on input line 315.


LaTeX Warning: Citation `pandit:2008:simulationtextbook' on page 4 undefined on
 input line 315.


Underfull \vbox (badness 10000) has occurred while \output is active []

 [4]

LaTeX Warning: Citation `pandit:2008:simulationtextbook' on page 5 undefined on
 input line 326.


LaTeX Warning: Citation `li:2017:drude' on page 5 undefined on input line 327.


LaTeX Warning: Citation `ponder:2010:current' on page 5 undefined on input line
 327.


LaTeX Warning: Citation `pandit:2008:simulationtextbook' on page 5 undefined on
 input line 328.


LaTeX Warning: Citation `chiu:2009' on page 5 undefined on input line 328.


LaTeX Warning: Citation `leonard:2018' on page 5 undefined on input line 328.


LaTeX Warning: Citation `berger:1997' on page 5 undefined on input line 335.


LaTeX Warning: Citation `chiu:1999:optimization' on page 5 undefined on input l
ine 335.


LaTeX Warning: Citation `chiu:2003:structure' on page 5 undefined on input line
 335.


LaTeX Warning: Citation `chiu:2009' on page 5 undefined on input line 335.


LaTeX Warning: Citation `pandit:2008:simulationtextbook' on page 5 undefined on
 input line 338.


LaTeX Warning: Citation `fogarty:2015' on page 5 undefined on input line 338.


LaTeX Warning: Citation `chiu:2009' on page 5 undefined on input line 338.


LaTeX Warning: Citation `kruczek:2017:ether' on page 5 undefined on input line 
338.


LaTeX Warning: Citation `kruczek:2017' on page 5 undefined on input line 338.


LaTeX Warning: Citation `leonard:2018' on page 5 undefined on input line 338.


LaTeX Warning: Citation `li:2017:drude' on page 5 undefined on input line 338.


LaTeX Warning: Citation `nagle:2000' on page 5 undefined on input line 338.


LaTeX Warning: Citation `gawrisch:1992' on page 5 undefined on input line 339.


LaTeX Warning: Citation `berkowitz:2006:aqueous' on page 5 undefined on input l
ine 339.


LaTeX Warning: Citation `kruczek:2017:ether' on page 5 undefined on input line 
340.


LaTeX Warning: Citation `kruczek:2017' on page 5 undefined on input line 340.


LaTeX Warning: Citation `jahnig:1996:surface' on page 5 undefined on input line
 340.


LaTeX Warning: Citation `berger:1997' on page 5 undefined on input line 342.


LaTeX Warning: Citation `chiu:1999:optimization' on page 5 undefined on input l
ine 342.


LaTeX Warning: Citation `chiu:2003:structure' on page 5 undefined on input line
 342.


LaTeX Warning: Citation `chiu:2009' on page 5 undefined on input line 342.


Underfull \vbox (badness 10000) has occurred while \output is active []

 [5]

LaTeX Warning: Citation `raghavan:1992' on page 6 undefined on input line 345.


LaTeX Warning: Citation `marrink:1993' on page 6 undefined on input line 345.


LaTeX Warning: Citation `egberts:1994' on page 6 undefined on input line 345.


LaTeX Warning: Citation `chiu:1995:incorporation' on page 6 undefined on input 
line 348.


LaTeX Warning: Citation `marrink:1993' on page 6 undefined on input line 348.


LaTeX Warning: Citation `chiu:1995:incorporation' on page 6 undefined on input 
line 349.


LaTeX Warning: Citation `berger:1997' on page 6 undefined on input line 353.


LaTeX Warning: Citation `chiu:1999:optimization' on page 6 undefined on input l
ine 354.


LaTeX Warning: Citation `chiu:2003:structure' on page 6 undefined on input line
 354.


LaTeX Warning: Citation `chiu:2009' on page 6 undefined on input line 360.


LaTeX Warning: Citation `kruczek:2017' on page 6 undefined on input line 360.


LaTeX Warning: Citation `joung:2008' on page 6 undefined on input line 361.


LaTeX Warning: Citation `kruczek:2017' on page 6 undefined on input line 362.

[6]
Chapter 2.

LaTeX Warning: Citation `saunders:2019' on page 7 undefined on input line 400.


LaTeX Warning: Citation `kruczek:2017' on page 7 undefined on input line 407.


LaTeX Warning: Citation `kruczek:2017:ether' on page 7 undefined on input line 
408.


LaTeX Warning: Citation `kruczek:2017' on page 7 undefined on input line 410.


LaTeX Warning: Citation `abraham:2015' on page 7 undefined on input line 413.


LaTeX Warning: Citation `pall:2014' on page 7 undefined on input line 413.


LaTeX Warning: Citation `van:2005' on page 7 undefined on input line 413.


LaTeX Warning: Citation `lindahl:2001' on page 7 undefined on input line 413.


LaTeX Warning: Citation `berendsen:1995' on page 7 undefined on input line 413.



LaTeX Warning: Citation `kruczek:2017' on page 7 undefined on input line 421.

[7

]

LaTeX Warning: Citation `abraham:2015' on page 8 undefined on input line 428.


LaTeX Warning: Citation `pall:2014' on page 8 undefined on input line 428.


LaTeX Warning: Citation `van:2005' on page 8 undefined on input line 428.


LaTeX Warning: Citation `lindahl:2001' on page 8 undefined on input line 428.


LaTeX Warning: Citation `berendsen:1995' on page 8 undefined on input line 428.



LaTeX Warning: Citation `spce' on page 8 undefined on input line 429.


LaTeX Warning: Citation `chiu:2009' on page 8 undefined on input line 430.


LaTeX Warning: Citation `kruczek:2017:ether' on page 8 undefined on input line 
430.


LaTeX Warning: Citation `kruczek:2017:ether' on page 8 undefined on input line 
433.


LaTeX Warning: Citation `kruczek:2017:ether' on page 8 undefined on input line 
435.


LaTeX Warning: Citation `joung:2008' on page 8 undefined on input line 436.


LaTeX Warning: Citation `kruczek:2017' on page 8 undefined on input line 438.


LaTeX Warning: Citation `kruczek:2017' on page 8 undefined on input line 441.


LaTeX Warning: Citation `nose:1983' on page 8 undefined on input line 442.


LaTeX Warning: Citation `parrinello:1981' on page 8 undefined on input line 443
.


LaTeX Warning: Citation `lincs' on page 8 undefined on input line 445.


LaTeX Warning: Citation `essmann:1995' on page 8 undefined on input line 447.


LaTeX Warning: Citation `kruczek:2017' on page 8 undefined on input line 449.

[8]

LaTeX Warning: Reference `fig:massdens' on page 9 undefined on input line 456.


LaTeX Warning: Citation `kruczek:2017:ether' on page 9 undefined on input line 
466.


LaTeX Warning: Citation `kruczek:2017:ether' on page 9 undefined on input line 
466.

Package epstopdf Info: Source file: <figures//dens_3component.eps>
(epstopdf)                    date: 2019-11-04 15:24:26
(epstopdf)                    size: 52549 bytes
(epstopdf)             Output file: <figures//dens_3component-eps-converted-to.
pdf>
(epstopdf)                    date: 2019-11-04 15:24:51
(epstopdf)                    size: 19902 bytes
(epstopdf)             Command: <repstopdf --outfile=figures//dens_3component-e
ps-converted-to.pdf figures//dens_3component.eps>
(epstopdf)             \includegraphics on input line 468.
Package epstopdf Info: Output file is already uptodate.
<figures//dens_3component-eps-converted-to.pdf, id=157, 216.81pt x 289.08pt>
File: figures//dens_3component-eps-converted-to.pdf Graphic file (type pdf)
<use figures//dens_3component-eps-converted-to.pdf>
Package pdftex.def Info: figures//dens_3component-eps-converted-to.pdf  used on
 input line 468.
(pdftex.def)             Requested size: 399.29463pt x 532.4606pt.

LaTeX Warning: Citation `kruczek:2017:ether' on page 9 undefined on input line 
477.


LaTeX Warning: Reference `tab:struc' on page 9 undefined on input line 479.


LaTeX Warning: Citation `petrache:1997' on page 9 undefined on input line 503.


LaTeX Warning: Citation `fogarty:2015' on page 9 undefined on input line 525.


LaTeX Warning: Reference `fig:eledens' on page 9 undefined on input line 535.

[9] [10 <./figures//dens_3component-eps-converted-to.pdf>]
Package epstopdf Info: Source file: <figures//ele_scattering_density.eps>
(epstopdf)                    date: 2019-11-04 15:24:27
(epstopdf)                    size: 41212 bytes
(epstopdf)             Output file: <figures//ele_scattering_density-eps-conver
ted-to.pdf>
(epstopdf)                    date: 2019-11-04 15:24:51
(epstopdf)                    size: 15671 bytes
(epstopdf)             Command: <repstopdf --outfile=figures//ele_scattering_de
nsity-eps-converted-to.pdf figures//ele_scattering_density.eps>
(epstopdf)             \includegraphics on input line 547.
Package epstopdf Info: Output file is already uptodate.
<figures//ele_scattering_density-eps-converted-to.pdf, id=177, 361.35pt x 252.9
45pt>
File: figures//ele_scattering_density-eps-converted-to.pdf Graphic file (type p
df)
<use figures//ele_scattering_density-eps-converted-to.pdf>
Package pdftex.def Info: figures//ele_scattering_density-eps-converted-to.pdf  
used on input line 547.
(pdftex.def)             Requested size: 464.6051pt x 325.215pt.


LaTeX Warning: Citation `fogarty:2015' on page 11 undefined on input line 551.


LaTeX Warning: Citation `nagle:2000' on page 11 undefined on input line 551.


LaTeX Warning: Citation `pandit:2008:simulationtextbook' on page 11 undefined o
n input line 551.


LaTeX Warning: Citation `chiu:2009' on page 11 undefined on input line 553.


LaTeX Warning: Citation `kruczek:2017:ether' on page 11 undefined on input line
 553.


LaTeX Warning: Citation `kruczek:2017' on page 11 undefined on input line 553.


Underfull \vbox (badness 10000) has occurred while \output is active []

 [11]
[12 <./figures//ele_scattering_density-eps-converted-to.pdf>]

LaTeX Warning: Reference `fig:chainorder' on page 13 undefined on input line 56
8.


LaTeX Warning: Citation `nagle:2000' on page 13 undefined on input line 569.


LaTeX Warning: Reference `tab:struc' on page 13 undefined on input line 581.


LaTeX Warning: Reference `tab:struc' on page 13 undefined on input line 581.

Package epstopdf Info: Source file: <figures//chainorder.eps>
(epstopdf)                    date: 2019-11-04 15:24:27
(epstopdf)                    size: 35337 bytes
(epstopdf)             Output file: <figures//chainorder-eps-converted-to.pdf>
(epstopdf)                    date: 2019-11-04 15:24:52
(epstopdf)                    size: 10414 bytes
(epstopdf)             Command: <repstopdf --outfile=figures//chainorder-eps-co
nverted-to.pdf figures//chainorder.eps>
(epstopdf)             \includegraphics on input line 583.
Package epstopdf Info: Output file is already uptodate.
<figures//chainorder-eps-converted-to.pdf, id=192, 216.81pt x 144.54pt>
File: figures//chainorder-eps-converted-to.pdf Graphic file (type pdf)
<use figures//chainorder-eps-converted-to.pdf>
Package pdftex.def Info: figures//chainorder-eps-converted-to.pdf  used on inpu
t line 583.
(pdftex.def)             Requested size: 469.75502pt x 313.20963pt.

LaTeX Warning: Citation `egberts:1988' on page 13 undefined on input line 592.


LaTeX Warning: Citation `douliez:1995' on page 13 undefined on input line 597.


Underfull \vbox (badness 10000) has occurred while \output is active []

 [13]
[14 <./figures//chainorder-eps-converted-to.pdf>]

LaTeX Warning: Reference `fig:numberdens' on page 15 undefined on input line 60
8.

Package epstopdf Info: Source file: <figures//density.eps>
(epstopdf)                    date: 2019-11-04 15:24:26
(epstopdf)                    size: 111915 bytes
(epstopdf)             Output file: <figures//density-eps-converted-to.pdf>
(epstopdf)                    date: 2019-11-04 15:24:52
(epstopdf)                    size: 40863 bytes
(epstopdf)             Command: <repstopdf --outfile=figures//density-eps-conve
rted-to.pdf figures//density.eps>
(epstopdf)             \includegraphics on input line 624.
Package epstopdf Info: Output file is already uptodate.
<figures//density-eps-converted-to.pdf, id=210, 216.81pt x 289.08pt>
File: figures//density-eps-converted-to.pdf Graphic file (type pdf)
<use figures//density-eps-converted-to.pdf>
Package pdftex.def Info: figures//density-eps-converted-to.pdf  used on input l
ine 624.
(pdftex.def)             Requested size: 328.82707pt x 438.49307pt.

LaTeX Warning: Reference `fig:numberdens' on page 15 undefined on input line 62
9.


LaTeX Warning: Citation `varma:2008:JACS' on page 15 undefined on input line 63
6.


LaTeX Warning: Reference `fig:cationcood' on page 15 undefined on input line 63
9.

Package epstopdf Info: Source file: <figures//cood.eps>
(epstopdf)                    date: 2019-11-04 15:24:26
(epstopdf)                    size: 39118 bytes
(epstopdf)             Output file: <figures//cood-eps-converted-to.pdf>
(epstopdf)                    date: 2019-11-04 15:24:53
(epstopdf)                    size: 15958 bytes
(epstopdf)             Command: <repstopdf --outfile=figures//cood-eps-converte
d-to.pdf figures//cood.eps>
(epstopdf)             \includegraphics on input line 652.
Package epstopdf Info: Output file is already uptodate.
<figures//cood-eps-converted-to.pdf, id=211, 216.81pt x 252.945pt>
File: figures//cood-eps-converted-to.pdf Graphic file (type pdf)
<use figures//cood-eps-converted-to.pdf>
Package pdftex.def Info: figures//cood-eps-converted-to.pdf  used on input line
 652.
(pdftex.def)             Requested size: 367.9667pt x 429.28618pt.

Underfull \vbox (badness 1990) has occurred while \output is active []

 [15]
[16 <./figures//density-eps-converted-to.pdf>] [17 <./figures//cood-eps-convert
ed-to.pdf>]

LaTeX Warning: Reference `fig:massdens' on page 18 undefined on input line 665.



LaTeX Warning: Citation `kruczek:2017' on page 18 undefined on input line 667.


LaTeX Warning: Reference `fig:hrdf' on page 18 undefined on input line 670.


LaTeX Warning: Reference `fig:struc' on page 18 undefined on input line 676.


LaTeX Warning: Reference `fig:struc' on page 18 undefined on input line 676.

Package epstopdf Info: Source file: <figures//h_rdf_cum.eps>
(epstopdf)                    date: 2019-11-04 15:24:27
(epstopdf)                    size: 36160 bytes
(epstopdf)             Output file: <figures//h_rdf_cum-eps-converted-to.pdf>
(epstopdf)                    date: 2019-11-04 15:24:53
(epstopdf)                    size: 11962 bytes
(epstopdf)             Command: <repstopdf --outfile=figures//h_rdf_cum-eps-con
verted-to.pdf figures//h_rdf_cum.eps>
(epstopdf)             \includegraphics on input line 678.
Package epstopdf Info: Output file is already uptodate.
<figures//h_rdf_cum-eps-converted-to.pdf, id=239, 361.35pt x 252.945pt>
File: figures//h_rdf_cum-eps-converted-to.pdf Graphic file (type pdf)
<use figures//h_rdf_cum-eps-converted-to.pdf>
Package pdftex.def Info: figures//h_rdf_cum-eps-converted-to.pdf  used on input
 line 678.
(pdftex.def)             Requested size: 469.75502pt x 328.83232pt.

LaTeX Warning: Citation `kruczek:2017:ether' on page 18 undefined on input line
 687.


LaTeX Warning: Reference `fig:h2order' on page 18 undefined on input line 696.

Package epstopdf Info: Source file: <figures//h2order.eps>
(epstopdf)                    date: 2019-11-04 15:24:27
(epstopdf)                    size: 50220 bytes
(epstopdf)             Output file: <figures//h2order-eps-converted-to.pdf>
(epstopdf)                    date: 2019-11-04 15:24:53
(epstopdf)                    size: 18497 bytes
(epstopdf)             Command: <repstopdf --outfile=figures//h2order-eps-conve
rted-to.pdf figures//h2order.eps>
(epstopdf)             \includegraphics on input line 709.
Package epstopdf Info: Output file is already uptodate.
<figures//h2order-eps-converted-to.pdf, id=240, 216.81pt x 252.945pt>
File: figures//h2order-eps-converted-to.pdf Graphic file (type pdf)
<use figures//h2order-eps-converted-to.pdf>
Package pdftex.def Info: figures//h2order-eps-converted-to.pdf  used on input l
ine 709.
(pdftex.def)             Requested size: 367.9667pt x 429.28618pt.
[18] [19 <./figures//h_rdf_cum-eps-converted-to.pdf>]

LaTeX Warning: Reference `fig:h2order' on page 20 undefined on input line 712.


LaTeX Warning: Reference `tab:struc' on page 20 undefined on input line 719.


LaTeX Warning: Citation `kruczek:2017:ether' on page 20 undefined on input line
 722.


LaTeX Warning: Citation `aaman:2003' on page 20 undefined on input line 729.


LaTeX Warning: Reference `tab:struc' on page 20 undefined on input line 732.


LaTeX Warning: Citation `kruczek:2017:ether' on page 20 undefined on input line
 733.


LaTeX Warning: Reference `fig:h2order' on page 20 undefined on input line 741.


LaTeX Warning: Reference `tab:diff' on page 20 undefined on input line 742.


LaTeX Warning: Reference `fig:h2order' on page 20 undefined on input line 750.


LaTeX Warning: Citation `kruczek:2017:ether' on page 20 undefined on input line
 750.


LaTeX Warning: Reference `fig:h2order' on page 20 undefined on input line 750.


LaTeX Warning: Reference `fig:h2order' on page 20 undefined on input line 750.


LaTeX Warning: Citation `kruczek:2017:ether' on page 20 undefined on input line
 750.


LaTeX Warning: Reference `fig:h2order' on page 20 undefined on input line 750.


LaTeX Warning: Citation `kruczek:2017:ether' on page 20 undefined on input line
 758.


LaTeX Warning: Citation `kruczek:2017:ether' on page 20 undefined on input line
 761.


Underfull \vbox (badness 10000) has occurred while \output is active []

 [20]
[21 <./figures//h2order-eps-converted-to.pdf>]

LaTeX Warning: Reference `fig:waterautotime' on page 22 undefined on input line
 777.



pdfTeX warning: pdflatex (file ./figures//Corrtime.pdf): PDF inclusion: found P
DF version <1.7>, but at most version <1.5> allowed
<figures//Corrtime.pdf, id=271, 216.81pt x 289.08pt>
File: figures//Corrtime.pdf Graphic file (type pdf)
<use figures//Corrtime.pdf>
Package pdftex.def Info: figures//Corrtime.pdf  used on input line 785.
(pdftex.def)             Requested size: 321.98203pt x 429.28618pt.

LaTeX Warning: Citation `kruczek:2017:ether' on page 22 undefined on input line
 788.


LaTeX Warning: Citation `dutta:2014' on page 22 undefined on input line 792.


Underfull \vbox (badness 10000) has occurred while \output is active []

 [22]
[23 <./figures//Corrtime.pdf>]

LaTeX Warning: Citation `kruczek:2017:ether' on page 24 undefined on input line
 797.


LaTeX Warning: Citation `kruczek:2017:ether' on page 24 undefined on input line
 805.


LaTeX Warning: Citation `gawrisch:1992' on page 24 undefined on input line 807.



LaTeX Warning: Citation `kruczek:2017' on page 24 undefined on input line 809.


LaTeX Warning: Citation `Berkowitz:2006' on page 24 undefined on input line 809
.


LaTeX Warning: Citation `Cordomi:2008' on page 24 undefined on input line 809.

[24]

LaTeX Warning: Reference `fig:epot' on page 25 undefined on input line 811.



pdfTeX warning: pdflatex (file ./figures//potential.pdf): PDF inclusion: found 
PDF version <1.7>, but at most version <1.5> allowed
<figures//potential.pdf, id=296, 216.81pt x 201.75375pt>
File: figures//potential.pdf Graphic file (type pdf)
<use figures//potential.pdf>
Package pdftex.def Info: figures//potential.pdf  used on input line 824.
(pdftex.def)             Requested size: 469.75502pt x 437.18848pt.

LaTeX Warning: Citation `israelachvili:2011:intermol' on page 25 undefined on i
nput line 866.


LaTeX Warning: Citation `wiersema:1966' on page 25 undefined on input line 866.



LaTeX Warning: Citation `wiersema:1966' on page 25 undefined on input line 867.



LaTeX Warning: Citation `o:1978:electrophoretic' on page 25 undefined on input 
line 867.

[25] [26 <./figures//potential.pdf>]

Package siunitx Warning: Unit macro \elementarycharge has been deprecated in
(siunitx)                this release.
(siunitx)                
(siunitx)                The BIPM have removed this unit from the SI Brochure.
(siunitx)                You should define it yourself using \DeclareSIUnit in
(siunitx)                your source. The current definition is
(siunitx)                
(siunitx)                \DeclareSIUnit\elementarycharge{\protect \protect
(siunitx)                \unhbox \voidb@x \hbox {\protect $\relax e$}}


LaTeX Warning: Reference `sec:waterstruc' on page 27 undefined on input line 88
3.


LaTeX Warning: Reference `tab:gctheory' on page 27 undefined on input line 884.



LaTeX Warning: Reference `eq:debyelength' on page 27 undefined on input line 89
3.


LaTeX Warning: Reference `eq:debyelength' on page 27 undefined on input line 89
3.


LaTeX Warning: Reference `fig:gctheoryimg' on page 27 undefined on input line 9
02.

Package epstopdf Info: Source file: <figures//images/GCTheory_image.eps>
(epstopdf)                    date: 2019-10-31 16:02:54
(epstopdf)                    size: 24805373 bytes
(epstopdf)             Output file: <figures//images/GCTheory_image-eps-convert
ed-to.pdf>
(epstopdf)                    date: 2019-10-31 16:02:54
(epstopdf)                    size: 736906 bytes
(epstopdf)             Command: <repstopdf --outfile=figures//images/GCTheory_i
mage-eps-converted-to.pdf figures//images/GCTheory_image.eps>
(epstopdf)             \includegraphics on input line 911.
Package epstopdf Info: Output file is already uptodate.
<figures//images/GCTheory_image-eps-converted-to.pdf, id=314, 434.62375pt x 201
.75375pt>
File: figures//images/GCTheory_image-eps-converted-to.pdf Graphic file (type pd
f)
<use figures//images/GCTheory_image-eps-converted-to.pdf>
Package pdftex.def Info: figures//images/GCTheory_image-eps-converted-to.pdf  u
sed on input line 911.
(pdftex.def)             Requested size: 469.75502pt x 218.0755pt.

LaTeX Warning: Citation `israelachvili:2011:intermol' on page 27 undefined on i
nput line 914.


LaTeX Warning: Citation `israelachvili:2011:intermol' on page 27 undefined on i
nput line 922.


LaTeX Warning: Reference `eq:gcpot' on page 27 undefined on input line 927.


LaTeX Warning: Citation `israelachvili:2011:intermol' on page 27 undefined on i
nput line 930.


LaTeX Warning: Reference `tab:gctheory' on page 27 undefined on input line 931.



LaTeX Warning: Reference `tab:gctheory' on page 27 undefined on input line 932.


[27]

LaTeX Warning: Reference `fig:gctheory' on page 28 undefined on input line 937.



LaTeX Warning: Reference `eq:gcpot' on page 28 undefined on input line 951.


LaTeX Warning: Reference `tab:gctheory' on page 28 undefined on input line 951.



LaTeX Warning: Reference `eq:gcpot' on page 28 undefined on input line 951.


LaTeX Warning: Reference `tab:gctheory' on page 28 undefined on input line 951.


Package epstopdf Info: Source file: <figures//gouy.eps>
(epstopdf)                    date: 2019-11-04 15:24:27
(epstopdf)                    size: 61168 bytes
(epstopdf)             Output file: <figures//gouy-eps-converted-to.pdf>
(epstopdf)                    date: 2019-11-04 15:24:54
(epstopdf)                    size: 23567 bytes
(epstopdf)             Command: <repstopdf --outfile=figures//gouy-eps-converte
d-to.pdf figures//gouy.eps>
(epstopdf)             \includegraphics on input line 953.
Package epstopdf Info: Output file is already uptodate.
<figures//gouy-eps-converted-to.pdf, id=324, 216.81pt x 180.675pt>
File: figures//gouy-eps-converted-to.pdf Graphic file (type pdf)
<use figures//gouy-eps-converted-to.pdf>
Package pdftex.def Info: figures//gouy-eps-converted-to.pdf  used on input line
 953.
(pdftex.def)             Requested size: 469.75502pt x 391.51205pt.
[28] [29 <./figures//images/GCTheory_image-eps-converted-to.pdf>] [30 <./figure
s//gouy-eps-converted-to.pdf>]
Chapter 3.

LaTeX Warning: Citation `van:2008:lipidvariety' on page 31 undefined on input l
ine 966.


LaTeX Warning: Citation `pandit:2008:simulationtextbook' on page 31 undefined o
n input line 967.


LaTeX Warning: Citation `pandit:2008:simulationtextbook' on page 31 undefined o
n input line 968.


LaTeX Warning: Citation `kruczek:2017:ether' on page 31 undefined on input line
 976.

(./paper.bbl [31

] [32

] [33] [34] [35] [36] [37])
\Changes@OutFile=\write8
\openout8 = `paper.soc'.

\tf@loc=\write9
\openout9 = `paper.loc'.

 [38] (./paper.aux)

LaTeX Warning: There were undefined references.


LaTeX Warning: Label(s) may have changed. Rerun to get cross-references right.


Package rerunfilecheck Warning: File `paper.out' has changed.
(rerunfilecheck)                Rerun to get outlines right
(rerunfilecheck)                or use package `bookmark'.

Package rerunfilecheck Info: Checksums for `paper.out':
(rerunfilecheck)             Before: D41D8CD98F00B204E9800998ECF8427E;0
(rerunfilecheck)             After:  5D56DC3B280F80CF436CCAB21CFABF5C;3294.
 ) 
Here is how much of TeX's memory you used:
 30786 strings out of 476025
 623487 string characters out of 5780533
 1867388 words of memory out of 5000000
 50550 multiletter control sequences out of 15000+600000
 526915 words of font info for 71 fonts, out of 8000000 for 9000
 1141 hyphenation exceptions out of 8191
 132i,18n,132p,474b,1057s stack positions out of 10000i,1000n,20000p,200000b,200000s
</usr/local/Cellar/texlive/20230313_2/share/texmf-dist/fonts/type1/public/ams
fonts/cm/cmex10.pfb></usr/local/Cellar/texlive/20230313_2/share/texmf-dist/font
s/type1/public/amsfonts/cm/cmmi12.pfb></usr/local/Cellar/texlive/20230313_2/sha
re/texmf-dist/fonts/type1/public/amsfonts/cm/cmmi6.pfb></usr/local/Cellar/texli
ve/20230313_2/share/texmf-dist/fonts/type1/public/amsfonts/cm/cmmi8.pfb></usr/l
ocal/Cellar/texlive/20230313_2/share/texmf-dist/fonts/type1/public/amsfonts/cm/
cmr12.pfb></usr/local/Cellar/texlive/20230313_2/share/texmf-dist/fonts/type1/pu
blic/amsfonts/cm/cmr6.pfb></usr/local/Cellar/texlive/20230313_2/share/texmf-dis
t/fonts/type1/public/amsfonts/cm/cmr8.pfb></usr/local/Cellar/texlive/20230313_2
/share/texmf-dist/fonts/type1/public/amsfonts/cm/cmsy10.pfb></usr/local/Cellar/
texlive/20230313_2/share/texmf-dist/fonts/type1/public/amsfonts/cm/cmsy6.pfb></
usr/local/Cellar/texlive/20230313_2/share/texmf-dist/fonts/type1/public/amsfont
s/cm/cmsy8.pfb></usr/local/Cellar/texlive/20230313_2/share/texmf-dist/fonts/typ
e1/public/cm-super/sfbx0700.pfb></usr/local/Cellar/texlive/20230313_2/share/tex
mf-dist/fonts/type1/public/cm-super/sfbx0800.pfb></usr/local/Cellar/texlive/202
30313_2/share/texmf-dist/fonts/type1/public/cm-super/sfbx1200.pfb></usr/local/C
ellar/texlive/20230313_2/share/texmf-dist/fonts/type1/public/cm-super/sfrm0600.
pfb></usr/local/Cellar/texlive/20230313_2/share/texmf-dist/fonts/type1/public/c
m-super/sfrm0700.pfb></usr/local/Cellar/texlive/20230313_2/share/texmf-dist/fon
ts/type1/public/cm-super/sfrm0800.pfb></usr/local/Cellar/texlive/20230313_2/sha
re/texmf-dist/fonts/type1/public/cm-super/sfrm1000.pfb></usr/local/Cellar/texli
ve/20230313_2/share/texmf-dist/fonts/type1/public/cm-super/sfrm1200.pfb></usr/l
ocal/Cellar/texlive/20230313_2/share/texmf-dist/fonts/type1/public/cm-super/sft
i1000.pfb></usr/local/Cellar/texlive/20230313_2/share/texmf-dist/fonts/type1/pu
blic/cm-super/sfti1200.pfb>
Output written on paper.pdf (43 pages, 3322759 bytes).
PDF statistics:
 578 PDF objects out of 1000 (max. 8388607)
 461 compressed objects within 5 object streams
 153 named destinations out of 1000 (max. 500000)
 73 words of extra memory for PDF output out of 10000 (max. 10000000)

