

*******************************************************************************
Mon May 21 16:16:20 2018


FIT:    data read from 'aftermax' u 1:2:3
        format = x:z:s
        #datapoints = 221
function used for fitting: f(x)
	f(x)=a*exp(-t*x)+b*exp(t*x)+c
fitted parameters initialized with current variable values

iter      chisq       delta/lim  lambda   a             b             t             c            
   0 5.8757088610e+15   0.00e+00  2.40e+07    1.000000e+00   1.000000e+00   1.000000e+00   1.000000e+00
 305 1.5659222569e+01  -4.34e-04  2.40e-05   -4.100533e+00   1.071274e-12   1.965346e+00  -2.562986e-04

After 305 iterations the fit converged.
final sum of squares of residuals : 15.6592
rel. change during last iteration : -4.3383e-09

degrees of freedom    (FIT_NDF)                        : 217
rms of residuals      (FIT_STDFIT) = sqrt(WSSR/ndf)    : 0.26863
variance of residuals (reduced chisquare) = WSSR/ndf   : 0.0721623
p-value of the Chisq distribution (FIT_P)              : 1

Final set of parameters            Asymptotic Standard Error
=======================            ==========================
a               = -4.10053         +/- 0.3775       (9.206%)
b               = 1.07127e-12      +/- 4.761e-13    (44.44%)
t               = 1.96535          +/- 0.02809      (1.429%)
c               = -0.000256299     +/- 1.675e-05    (6.535%)

correlation matrix of the fit parameters:
                a      b      t      c      
a               1.000 
b               0.449  1.000 
t              -0.996 -0.440  1.000 
c               0.461 -0.040 -0.493  1.000 


*******************************************************************************
Mon May 21 16:27:53 2018


FIT:    data read from 'aftermax.2' u 1:2:3
        format = x:z:s
        #datapoints = 198
function used for fitting: f(x)
	f(x)=a*exp(-t*x)+b*exp(t*x)+c
fitted parameters initialized with current variable values

iter      chisq       delta/lim  lambda   a             b             t             c            
   0 1.9970949220e+13   0.00e+00  1.19e+06    1.000000e+00   1.000000e+00   1.000000e+00   1.000000e+00
 118 2.1776609378e+01  -6.84e-02  1.19e-04    5.537707e+00  -8.180506e-08   1.349599e+00   2.228117e-03

After 118 iterations the fit converged.
final sum of squares of residuals : 21.7766
rel. change during last iteration : -6.84481e-07

degrees of freedom    (FIT_NDF)                        : 194
rms of residuals      (FIT_STDFIT) = sqrt(WSSR/ndf)    : 0.335038
variance of residuals (reduced chisquare) = WSSR/ndf   : 0.112251
p-value of the Chisq distribution (FIT_P)              : 1

Final set of parameters            Asymptotic Standard Error
=======================            ==========================
a               = 5.53771          +/- 0.1662       (3.001%)
b               = -8.18051e-08     +/- 7.549e-09    (9.228%)
t               = 1.3496           +/- 0.009723     (0.7204%)
c               = 0.00222812       +/- 0.0001527    (6.853%)

correlation matrix of the fit parameters:
                a      b      t      c      
a               1.000 
b               0.220  1.000 
t               0.993  0.176  1.000 
c               0.696 -0.298  0.749  1.000 


*******************************************************************************
Sat Jul 21 11:15:36 2018


FIT:    data read from 'aftermax.2'
        format = z
        #datapoints = 198
        residuals are weighted equally (unit weight)

function used for fitting: f(x)
	f(x)=A*exp(-x/t)
fitted parameters initialized with current variable values

iter      chisq       delta/lim  lambda   A             t            
   0 4.9682071633e-02   0.00e+00  4.64e-02    1.000000e+00   1.000000e+00
  12 4.6459952819e-04  -1.77e-02  4.64e-07    4.479849e+00   7.857986e-01

After 12 iterations the fit converged.
final sum of squares of residuals : 0.0004646
rel. change during last iteration : -1.76788e-07

degrees of freedom    (FIT_NDF)                        : 196
rms of residuals      (FIT_STDFIT) = sqrt(WSSR/ndf)    : 0.00153961
variance of residuals (reduced chisquare) = WSSR/ndf   : 2.37041e-06

Final set of parameters            Asymptotic Standard Error
=======================            ==========================
A               = 4.47985          +/- 0.1188       (2.652%)
t               = 0.785799         +/- 0.005026     (0.6396%)

correlation matrix of the fit parameters:
                A      t      
A               1.000 
t              -0.993  1.000 


*******************************************************************************
Sat Jul 21 11:16:31 2018


FIT:    data read from 'aftermax.2'
        format = z
        #datapoints = 198
        residuals are weighted equally (unit weight)

function used for fitting: f(x)
	f(x)=A*exp(-x/t)+c
fitted parameters initialized with current variable values

iter      chisq       delta/lim  lambda   A             t             c            
   0 1.9780380103e+02   0.00e+00  5.83e-01    4.479849e+00   7.857986e-01   1.000000e+00
   5 3.3339874349e-04  -3.62e-01  5.83e-06    5.284713e+00   7.515461e-01   1.312266e-03

After 5 iterations the fit converged.
final sum of squares of residuals : 0.000333399
rel. change during last iteration : -3.61582e-06

degrees of freedom    (FIT_NDF)                        : 195
rms of residuals      (FIT_STDFIT) = sqrt(WSSR/ndf)    : 0.00130757
variance of residuals (reduced chisquare) = WSSR/ndf   : 1.70974e-06

Final set of parameters            Asymptotic Standard Error
=======================            ==========================
A               = 5.28471          +/- 0.1574       (2.979%)
t               = 0.751546         +/- 0.005471     (0.728%)
c               = 0.00131227       +/- 0.000146     (11.13%)

correlation matrix of the fit parameters:
                A      t      c      
A               1.000 
t              -0.994  1.000 
c               0.596 -0.647  1.000 


*******************************************************************************
Sat Jul 21 11:17:11 2018


FIT:    data read from 'aftermax.2'
        format = z
        #datapoints = 198
        residuals are weighted equally (unit weight)

function used for fitting: f(x)
	f(x)=A*exp(-x/t)+c
fitted parameters initialized with current variable values

iter      chisq       delta/lim  lambda   A             t             c            
   0 1.7588519506e+03   0.00e+00  1.73e+00    1.000000e+00   1.000000e-02   3.000000e+00
BREAK: Singular matrix in Invert_RtR

*******************************************************************************
Sat Jul 21 11:17:16 2018


FIT:    data read from 'aftermax.2'
        format = z
        #datapoints = 198
        residuals are weighted equally (unit weight)

function used for fitting: f(x)
	f(x)=A*exp(-x/t)+c
fitted parameters initialized with current variable values

iter      chisq       delta/lim  lambda   A             t             c            
   0 6.4640882860e-02   0.00e+00  3.95e-02    1.000000e+00   1.000000e+00   1.969884e-02
  21 3.3339873756e-04  -9.03e-03  3.95e-07    5.284783e+00   7.515436e-01   1.312305e-03

After 21 iterations the fit converged.
final sum of squares of residuals : 0.000333399
rel. change during last iteration : -9.03087e-08

degrees of freedom    (FIT_NDF)                        : 195
rms of residuals      (FIT_STDFIT) = sqrt(WSSR/ndf)    : 0.00130757
variance of residuals (reduced chisquare) = WSSR/ndf   : 1.70974e-06

Final set of parameters            Asymptotic Standard Error
=======================            ==========================
A               = 5.28478          +/- 0.1575       (2.979%)
t               = 0.751544         +/- 0.005471     (0.728%)
c               = 0.0013123        +/- 0.000146     (11.13%)

correlation matrix of the fit parameters:
                A      t      c      
A               1.000 
t              -0.994  1.000 
c               0.596 -0.647  1.000 


*******************************************************************************
Sat Jul 21 11:17:38 2018


FIT:    data read from 'aftermax.2'
        format = z
        #datapoints = 198
        residuals are weighted equally (unit weight)

function used for fitting: f(x)
	f(x)=A*exp(-x*t)+c
fitted parameters initialized with current variable values

iter      chisq       delta/lim  lambda   A             t             c            
   0 7.7395892841e+00   0.00e+00  3.78e-01    5.284783e+00   7.515436e-01   1.312305e-03
   7 3.3339873622e-04  -3.07e-04  3.78e-08    5.285977e+00   1.330669e+00   1.313023e-03

After 7 iterations the fit converged.
final sum of squares of residuals : 0.000333399
rel. change during last iteration : -3.0697e-09

degrees of freedom    (FIT_NDF)                        : 195
rms of residuals      (FIT_STDFIT) = sqrt(WSSR/ndf)    : 0.00130757
variance of residuals (reduced chisquare) = WSSR/ndf   : 1.70974e-06

Final set of parameters            Asymptotic Standard Error
=======================            ==========================
A               = 5.28598          +/- 0.1583       (2.994%)
t               = 1.33067          +/- 0.009764     (0.7338%)
c               = 0.00131302       +/- 0.0001459    (11.11%)

correlation matrix of the fit parameters:
                A      t      c      
A               1.000 
t               0.994  1.000 
c               0.596  0.647  1.000 


*******************************************************************************
Sat Jul 21 11:18:01 2018


FIT:    data read from 'aftermax.2' u ($1-3):2
        format = x:z
        #datapoints = 198
        residuals are weighted equally (unit weight)

function used for fitting: f(x)
	f(x)=A*exp(-x*t)+c
fitted parameters initialized with current variable values

iter      chisq       delta/lim  lambda   A             t             c            
   0 6.2339250744e+02   0.00e+00  1.20e+00    5.285977e+00   1.330669e+00   1.313023e-03
   4 3.3339873891e-04  -2.35e-02  1.20e-04    9.759306e-02   1.330671e+00   1.313045e-03

After 4 iterations the fit converged.
final sum of squares of residuals : 0.000333399
rel. change during last iteration : -2.35417e-07

degrees of freedom    (FIT_NDF)                        : 195
rms of residuals      (FIT_STDFIT) = sqrt(WSSR/ndf)    : 0.00130757
variance of residuals (reduced chisquare) = WSSR/ndf   : 1.70974e-06

Final set of parameters            Asymptotic Standard Error
=======================            ==========================
A               = 0.0975931        +/- 0.0003293    (0.3374%)
t               = 1.33067          +/- 0.009725     (0.7309%)
c               = 0.00131304       +/- 0.0001459    (11.11%)

correlation matrix of the fit parameters:
                A      t      c      
A               1.000 
t               0.154  1.000 
c              -0.315  0.647  1.000 


*******************************************************************************
Mon Aug 20 11:37:00 2018


FIT:    data read from 'ave.h2order2' u 1:2
        format = x:z
        x range restricted to [3.00000 : *]
        #datapoints = 280
        residuals are weighted equally (unit weight)

function used for fitting: f(x)
	f(x)=-a*exp(-(x^2)/b)
fitted parameters initialized with current variable values



*******************************************************************************
Mon Aug 20 11:37:25 2018


FIT:    data read from 'ave.h2order2'
        format = z
        x range restricted to [3.00000 : *]
        #datapoints = 280
        residuals are weighted equally (unit weight)

function used for fitting: f(x)
	f(x)=-a*exp(-(x^2)/b)
fitted parameters initialized with current variable values



*******************************************************************************
Mon Aug 20 11:38:14 2018


FIT:    data read from 'ave.h2order2'
        format = z
        x range restricted to [3.00000 : *]
        #datapoints = 280
        residuals are weighted equally (unit weight)

function used for fitting: f(x)
	f(x)=-a*exp(-(x**2)/a)
fitted parameters initialized with current variable values

iter      chisq       delta/lim  lambda   a             b            
   0 1.4752143651e-03   0.00e+00  1.06e-04    1.000000e+00   1.000000e+00
BREAK: Singular matrix in Invert_RtR

*******************************************************************************
Mon Aug 20 11:38:34 2018


FIT:    data read from 'ave.h2order2'
        format = z
        x range restricted to [3.00000 : *]
        #datapoints = 280
        residuals are weighted equally (unit weight)

function used for fitting: f(x)
	f(x)=-a*exp(-(x**2)/a)
fitted parameters initialized with current variable values

iter      chisq       delta/lim  lambda   a             b            
   0 1.7053482791e-04   0.00e+00  9.92e-03    1.858544e+00   1.001000e+00
BREAK: Singular matrix in Invert_RtR

*******************************************************************************
Mon Aug 20 11:38:40 2018


FIT:    data read from 'ave.h2order2'
        format = z
        x range restricted to [3.00000 : *]
        #datapoints = 280
        residuals are weighted equally (unit weight)

function used for fitting: f(x)
	f(x)=-a*exp(-(x**2)/a)
fitted parameters initialized with current variable values

iter      chisq       delta/lim  lambda   a             b            
   0 1.7053482595e-04   0.00e+00  9.92e-03    1.858542e+00   1.000000e-01
BREAK: Singular matrix in Invert_RtR

*******************************************************************************
Mon Aug 20 11:38:51 2018


FIT:    data read from 'ave.h2order2'
        format = z
        x range restricted to [3.00000 : *]
        #datapoints = 280
        residuals are weighted equally (unit weight)

function used for fitting: f(x)
	f(x)=-a*exp(-(x**2)/a)
fitted parameters initialized with current variable values

iter      chisq       delta/lim  lambda   a             b            
   0 1.4904919610e-03   0.00e+00  3.38e-40    1.000000e-01   1.000000e-01
BREAK: Singular matrix in Invert_RtR

*******************************************************************************
Mon Aug 20 11:39:14 2018


FIT:    data read from 'ave.h2order2'
        format = z
        x range restricted to [3.00000 : *]
        #datapoints = 280
        residuals are weighted equally (unit weight)

function used for fitting: f(x)
	f(x)=-a*exp(-(x**2)/a)
fitted parameters initialized with current variable values

iter      chisq       delta/lim  lambda   a             b            
   0 1.4904919610e-03   0.00e+00  0.00e+00    1.000000e-02   1.000000e-02
BREAK: Singular matrix in Givens()

*******************************************************************************
Mon Aug 20 11:39:47 2018


FIT:    data read from 'ave.h2order2'
        format = z
        x range restricted to [3.00000 : *]
        #datapoints = 280
        residuals are weighted equally (unit weight)

function used for fitting: f(x)
	f(x)=-a*exp(-(x**2)/a)
fitted parameters initialized with current variable values

iter      chisq       delta/lim  lambda   a             b            
   0 1.4904919610e-03   0.00e+00  0.00e+00    1.000000e-02   1.000000e-01
BREAK: Singular matrix in Givens()

*******************************************************************************
Mon Aug 20 11:40:26 2018


FIT:    data read from 'ave.h2order2'
        format = z
        x range restricted to [3.00000 : *]
        #datapoints = 280
        residuals are weighted equally (unit weight)

function used for fitting: f(x)
	f(x)=-a*exp(-(x*x)/b)
fitted parameters initialized with current variable values

iter      chisq       delta/lim  lambda   a             b            
   0 1.4904919610e-03   0.00e+00  3.65e-41    1.000000e-02   1.001000e-01
   1 1.4904919610e-03   0.00e+00  3.65e-23    1.000000e-02   1.001000e-01

After 1 iterations the fit converged.
final sum of squares of residuals : 0.00149049
rel. change during last iteration : 0

degrees of freedom    (FIT_NDF)                        : 278
rms of residuals      (FIT_STDFIT) = sqrt(WSSR/ndf)    : 0.00231549
variance of residuals (reduced chisquare) = WSSR/ndf   : 5.36148e-06

Final set of parameters            Asymptotic Standard Error
=======================            ==========================
a               = 0.01             +/- 6.173e+38    (6.173e+42%)
b               = 0.1001           +/- 6.569e+37    (6.562e+40%)

correlation matrix of the fit parameters:
                a      b      
a               1.000 
b              -1.000  1.000 


*******************************************************************************
Mon Aug 20 11:40:31 2018


FIT:    data read from 'ave.h2order2'
        format = z
        x range restricted to [3.00000 : *]
        #datapoints = 280
        residuals are weighted equally (unit weight)

function used for fitting: f(x)
	f(x)=-a*exp(-(x*x)/b)
fitted parameters initialized with current variable values

iter      chisq       delta/lim  lambda   a             b            
   0 1.4904919610e-03   0.00e+00  3.65e-41    1.000000e-02   1.001000e-01
   1 1.4904919610e-03   0.00e+00  3.65e-23    1.000000e-02   1.001000e-01

After 1 iterations the fit converged.
final sum of squares of residuals : 0.00149049
rel. change during last iteration : 0

degrees of freedom    (FIT_NDF)                        : 278
rms of residuals      (FIT_STDFIT) = sqrt(WSSR/ndf)    : 0.00231549
variance of residuals (reduced chisquare) = WSSR/ndf   : 5.36148e-06

Final set of parameters            Asymptotic Standard Error
=======================            ==========================
a               = 0.01             +/- 6.173e+38    (6.173e+42%)
b               = 0.1001           +/- 6.569e+37    (6.562e+40%)

correlation matrix of the fit parameters:
                a      b      
a               1.000 
b              -1.000  1.000 


*******************************************************************************
Mon Aug 20 11:40:49 2018


FIT:    data read from 'ave.h2order2'
        format = z
        x range restricted to [3.00000 : *]
        #datapoints = 280
        residuals are weighted equally (unit weight)

function used for fitting: f(x)
	f(x)=-a*exp(-(x*x)/b)
fitted parameters initialized with current variable values

iter      chisq       delta/lim  lambda   a             b            
   0 9.2613253620e-03   0.00e+00  5.13e-03    1.000000e-02   1.000000e+02

Current data point
=========================
#               = 268 out of 280
x               = 0.0184408      
z               = -3.4e-05       

Current set of parameters
=========================
a               = 0.0184408      
b               = -0.131655      

BREAK: Function evaluation yields NaN ("not a number")

*******************************************************************************
Mon Aug 20 11:40:53 2018


FIT:    data read from 'ave.h2order2'
        format = z
        x range restricted to [3.00000 : *]
        #datapoints = 280
        residuals are weighted equally (unit weight)

function used for fitting: f(x)
	f(x)=-a*exp(-(x*x)/b)
fitted parameters initialized with current variable values


Current data point
=========================
#               = 268 out of 280
x               = 0.0184408      
z               = -3.4e-05       

Current set of parameters
=========================
a               = 0.0184408      
b               = -0.131655      

BREAK: Function evaluation yields NaN ("not a number")

*******************************************************************************
Mon Aug 20 11:40:55 2018


FIT:    data read from 'ave.h2order2'
        format = z
        x range restricted to [3.00000 : *]
        #datapoints = 280
        residuals are weighted equally (unit weight)

function used for fitting: f(x)
	f(x)=-a*exp(-(x*x)/b)
fitted parameters initialized with current variable values


Current data point
=========================
#               = 268 out of 280
x               = 0.0184408      
z               = -3.4e-05       

Current set of parameters
=========================
a               = 0.0184408      
b               = -0.131655      

BREAK: Function evaluation yields NaN ("not a number")

*******************************************************************************
Mon Aug 20 11:41:05 2018


FIT:    data read from 'ave.h2order2'
        format = z
        x range restricted to [3.00000 : *]
        #datapoints = 280
        residuals are weighted equally (unit weight)

function used for fitting: f(x)
	f(x)=-a*exp(-(x*x)/b)
fitted parameters initialized with current variable values

iter      chisq       delta/lim  lambda   a             b            
   0 2.3610619532e-04   0.00e+00  2.89e-03    1.844076e-02   1.000000e+01
  39 2.7681303608e-05  -1.51e-02  2.89e-08    1.100587e-01   3.888083e+00

After 39 iterations the fit converged.
final sum of squares of residuals : 2.76813e-05
rel. change during last iteration : -1.51193e-07

degrees of freedom    (FIT_NDF)                        : 278
rms of residuals      (FIT_STDFIT) = sqrt(WSSR/ndf)    : 0.000315552
variance of residuals (reduced chisquare) = WSSR/ndf   : 9.9573e-08

Final set of parameters            Asymptotic Standard Error
=======================            ==========================
a               = 0.110059         +/- 0.005431     (4.935%)
b               = 3.88808          +/- 0.06854      (1.763%)

correlation matrix of the fit parameters:
                a      b      
a               1.000 
b              -0.986  1.000 


*******************************************************************************
Mon Aug 20 11:41:11 2018


FIT:    data read from 'ave.h2order2'
        format = z
        x range restricted to [3.00000 : *]
        #datapoints = 280
        residuals are weighted equally (unit weight)

function used for fitting: f(x)
	f(x)=-a*exp(-(x*x)/b)
fitted parameters initialized with current variable values

iter      chisq       delta/lim  lambda   a             b            
   0 2.7681303608e-05   0.00e+00  4.80e-03    1.100587e-01   3.888083e+00
   1 2.7681303184e-05  -1.53e-03  4.80e-04    1.100606e-01   3.888059e+00

After 1 iterations the fit converged.
final sum of squares of residuals : 2.76813e-05
rel. change during last iteration : -1.53168e-08

degrees of freedom    (FIT_NDF)                        : 278
rms of residuals      (FIT_STDFIT) = sqrt(WSSR/ndf)    : 0.000315552
variance of residuals (reduced chisquare) = WSSR/ndf   : 9.9573e-08

Final set of parameters            Asymptotic Standard Error
=======================            ==========================
a               = 0.110061         +/- 0.005431     (4.935%)
b               = 3.88806          +/- 0.06854      (1.763%)

correlation matrix of the fit parameters:
                a      b      
a               1.000 
b              -0.986  1.000 


*******************************************************************************
Mon Aug 20 11:41:12 2018


FIT:    data read from 'ave.h2order2'
        format = z
        x range restricted to [3.00000 : *]
        #datapoints = 280
        residuals are weighted equally (unit weight)

function used for fitting: f(x)
	f(x)=-a*exp(-(x*x)/b)
fitted parameters initialized with current variable values

iter      chisq       delta/lim  lambda   a             b            
   0 2.7681303184e-05   0.00e+00  4.80e-03    1.100606e-01   3.888059e+00
   1 2.7681302981e-05  -7.35e-04  4.80e-04    1.100615e-01   3.888047e+00

After 1 iterations the fit converged.
final sum of squares of residuals : 2.76813e-05
rel. change during last iteration : -7.34856e-09

degrees of freedom    (FIT_NDF)                        : 278
rms of residuals      (FIT_STDFIT) = sqrt(WSSR/ndf)    : 0.000315552
variance of residuals (reduced chisquare) = WSSR/ndf   : 9.9573e-08

Final set of parameters            Asymptotic Standard Error
=======================            ==========================
a               = 0.110062         +/- 0.005431     (4.935%)
b               = 3.88805          +/- 0.06854      (1.763%)

correlation matrix of the fit parameters:
                a      b      
a               1.000 
b              -0.986  1.000 


*******************************************************************************
Mon Aug 20 11:44:31 2018


FIT:    data read from 'ave.h2order2'
        format = z
        x range restricted to [3.00000 : *]
        #datapoints = 280
        residuals are weighted equally (unit weight)

function used for fitting: f(x)
	f(x)=-a*exp(-(x*x)*b)
fitted parameters initialized with current variable values

iter      chisq       delta/lim  lambda   a             b            
   0 4.1025665604e-02   0.00e+00  1.72e-02    1.100615e-01   1.000000e-01
   8 2.7681300650e-05  -8.74e-04  1.72e-10    1.101246e-01   2.572520e-01

After 8 iterations the fit converged.
final sum of squares of residuals : 2.76813e-05
rel. change during last iteration : -8.7366e-09

degrees of freedom    (FIT_NDF)                        : 278
rms of residuals      (FIT_STDFIT) = sqrt(WSSR/ndf)    : 0.000315552
variance of residuals (reduced chisquare) = WSSR/ndf   : 9.9573e-08

Final set of parameters            Asymptotic Standard Error
=======================            ==========================
a               = 0.110125         +/- 0.005455     (4.953%)
b               = 0.257252         +/- 0.00456      (1.773%)

correlation matrix of the fit parameters:
                a      b      
a               1.000 
b               0.986  1.000 


*******************************************************************************
Mon Aug 20 11:44:34 2018


FIT:    data read from 'ave.h2order2'
        format = z
        x range restricted to [3.00000 : *]
        #datapoints = 280
        residuals are weighted equally (unit weight)

function used for fitting: f(x)
	f(x)=-a*exp(-(x*x)*b)
fitted parameters initialized with current variable values

iter      chisq       delta/lim  lambda   a             b            
   0 2.7681300650e-05   0.00e+00  4.80e-03    1.101246e-01   2.572520e-01
   1 2.7681300650e-05   0.00e+00  4.80e+01    1.101246e-01   2.572520e-01

After 1 iterations the fit converged.
final sum of squares of residuals : 2.76813e-05
rel. change during last iteration : 0

degrees of freedom    (FIT_NDF)                        : 278
rms of residuals      (FIT_STDFIT) = sqrt(WSSR/ndf)    : 0.000315552
variance of residuals (reduced chisquare) = WSSR/ndf   : 9.9573e-08

Final set of parameters            Asymptotic Standard Error
=======================            ==========================
a               = 0.110125         +/- 0.005455     (4.953%)
b               = 0.257252         +/- 0.00456      (1.773%)

correlation matrix of the fit parameters:
                a      b      
a               1.000 
b               0.986  1.000 


*******************************************************************************
Mon Aug 20 11:44:35 2018


FIT:    data read from 'ave.h2order2'
        format = z
        x range restricted to [3.00000 : *]
        #datapoints = 280
        residuals are weighted equally (unit weight)

function used for fitting: f(x)
	f(x)=-a*exp(-(x*x)*b)
fitted parameters initialized with current variable values

iter      chisq       delta/lim  lambda   a             b            
   0 2.7681300650e-05   0.00e+00  4.80e-03    1.101246e-01   2.572520e-01
   1 2.7681300650e-05   0.00e+00  4.80e+02    1.101246e-01   2.572520e-01

After 1 iterations the fit converged.
final sum of squares of residuals : 2.76813e-05
rel. change during last iteration : 0

degrees of freedom    (FIT_NDF)                        : 278
rms of residuals      (FIT_STDFIT) = sqrt(WSSR/ndf)    : 0.000315552
variance of residuals (reduced chisquare) = WSSR/ndf   : 9.9573e-08

Final set of parameters            Asymptotic Standard Error
=======================            ==========================
a               = 0.110125         +/- 0.005455     (4.953%)
b               = 0.257252         +/- 0.00456      (1.773%)

correlation matrix of the fit parameters:
                a      b      
a               1.000 
b               0.986  1.000 


*******************************************************************************
Mon Aug 20 11:44:36 2018


FIT:    data read from 'ave.h2order2'
        format = z
        x range restricted to [3.00000 : *]
        #datapoints = 280
        residuals are weighted equally (unit weight)

function used for fitting: f(x)
	f(x)=-a*exp(-(x*x)*b)
fitted parameters initialized with current variable values

iter      chisq       delta/lim  lambda   a             b            
   0 2.7681300650e-05   0.00e+00  4.80e-03    1.101246e-01   2.572520e-01
   1 2.7681300650e-05   0.00e+00  4.80e+02    1.101246e-01   2.572520e-01

After 1 iterations the fit converged.
final sum of squares of residuals : 2.76813e-05
rel. change during last iteration : 0

degrees of freedom    (FIT_NDF)                        : 278
rms of residuals      (FIT_STDFIT) = sqrt(WSSR/ndf)    : 0.000315552
variance of residuals (reduced chisquare) = WSSR/ndf   : 9.9573e-08

Final set of parameters            Asymptotic Standard Error
=======================            ==========================
a               = 0.110125         +/- 0.005455     (4.953%)
b               = 0.257252         +/- 0.00456      (1.773%)

correlation matrix of the fit parameters:
                a      b      
a               1.000 
b               0.986  1.000 


*******************************************************************************
Mon Aug 20 11:44:39 2018


FIT:    data read from 'ave.h2order2'
        format = z
        x range restricted to [3.00000 : *]
        #datapoints = 280
        residuals are weighted equally (unit weight)

function used for fitting: f(x)
	f(x)=-a*exp(-(x*x)*b)
fitted parameters initialized with current variable values

iter      chisq       delta/lim  lambda   a             b            
   0 2.7681300650e-05   0.00e+00  4.80e-03    1.101246e-01   2.572520e-01
   1 2.7681300650e-05  -1.22e-11  4.80e+01    1.101246e-01   2.572520e-01

After 1 iterations the fit converged.
final sum of squares of residuals : 2.76813e-05
rel. change during last iteration : -1.22398e-16

degrees of freedom    (FIT_NDF)                        : 278
rms of residuals      (FIT_STDFIT) = sqrt(WSSR/ndf)    : 0.000315552
variance of residuals (reduced chisquare) = WSSR/ndf   : 9.9573e-08

Final set of parameters            Asymptotic Standard Error
=======================            ==========================
a               = 0.110125         +/- 0.005455     (4.953%)
b               = 0.257252         +/- 0.00456      (1.773%)

correlation matrix of the fit parameters:
                a      b      
a               1.000 
b               0.986  1.000 


*******************************************************************************
Mon Aug 20 11:45:11 2018


FIT:    data read from 'ave.h2order2'
        format = z
        x range restricted to [3.00000 : *]
        #datapoints = 280
        residuals are weighted equally (unit weight)

function used for fitting: f(x)
	f(x)=-a*exp(-(x*x)/(4*b*b))
fitted parameters initialized with current variable values

iter      chisq       delta/lim  lambda   a             b            
   0 1.4811601615e+00   0.00e+00  6.74e-02    1.101246e-01   5.000000e+00
  25 2.7681323559e-05  -2.10e-01  6.74e-08    1.100057e-01   9.859974e-01

After 25 iterations the fit converged.
final sum of squares of residuals : 2.76813e-05
rel. change during last iteration : -2.1e-06

degrees of freedom    (FIT_NDF)                        : 278
rms of residuals      (FIT_STDFIT) = sqrt(WSSR/ndf)    : 0.000315552
variance of residuals (reduced chisquare) = WSSR/ndf   : 9.95731e-08

Final set of parameters            Asymptotic Standard Error
=======================            ==========================
a               = 0.110006         +/- 0.005418     (4.925%)
b               = 0.985997         +/- 0.008668     (0.8791%)

correlation matrix of the fit parameters:
                a      b      
a               1.000 
b              -0.986  1.000 


*******************************************************************************
Mon Aug 20 11:45:14 2018


FIT:    data read from 'ave.h2order2'
        format = z
        x range restricted to [3.00000 : *]
        #datapoints = 280
        residuals are weighted equally (unit weight)

function used for fitting: f(x)
	f(x)=-a*exp(-(x*x)/(4*b*b))
fitted parameters initialized with current variable values

iter      chisq       delta/lim  lambda   a             b            
   0 2.7681323559e-05   0.00e+00  9.20e-03    1.100057e-01   9.859974e-01
   1 2.7681320845e-05  -9.80e-03  9.20e-04    1.100107e-01   9.859887e-01

After 1 iterations the fit converged.
final sum of squares of residuals : 2.76813e-05
rel. change during last iteration : -9.80408e-08

degrees of freedom    (FIT_NDF)                        : 278
rms of residuals      (FIT_STDFIT) = sqrt(WSSR/ndf)    : 0.000315552
variance of residuals (reduced chisquare) = WSSR/ndf   : 9.95731e-08

Final set of parameters            Asymptotic Standard Error
=======================            ==========================
a               = 0.110011         +/- 0.005419     (4.925%)
b               = 0.985989         +/- 0.008668     (0.8791%)

correlation matrix of the fit parameters:
                a      b      
a               1.000 
b              -0.986  1.000 


*******************************************************************************
Mon Aug 20 11:45:15 2018


FIT:    data read from 'ave.h2order2'
        format = z
        x range restricted to [3.00000 : *]
        #datapoints = 280
        residuals are weighted equally (unit weight)

function used for fitting: f(x)
	f(x)=-a*exp(-(x*x)/(4*b*b))
fitted parameters initialized with current variable values

iter      chisq       delta/lim  lambda   a             b            
   0 2.7681320845e-05   0.00e+00  9.20e-03    1.100107e-01   9.859887e-01
   1 2.7681319057e-05  -6.46e-03  9.20e-04    1.100144e-01   9.859827e-01

After 1 iterations the fit converged.
final sum of squares of residuals : 2.76813e-05
rel. change during last iteration : -6.45865e-08

degrees of freedom    (FIT_NDF)                        : 278
rms of residuals      (FIT_STDFIT) = sqrt(WSSR/ndf)    : 0.000315552
variance of residuals (reduced chisquare) = WSSR/ndf   : 9.95731e-08

Final set of parameters            Asymptotic Standard Error
=======================            ==========================
a               = 0.110014         +/- 0.005419     (4.926%)
b               = 0.985983         +/- 0.008667     (0.8791%)

correlation matrix of the fit parameters:
                a      b      
a               1.000 
b              -0.986  1.000 


*******************************************************************************
Mon Aug 20 11:45:16 2018


FIT:    data read from 'ave.h2order2'
        format = z
        x range restricted to [3.00000 : *]
        #datapoints = 280
        residuals are weighted equally (unit weight)

function used for fitting: f(x)
	f(x)=-a*exp(-(x*x)/(4*b*b))
fitted parameters initialized with current variable values

iter      chisq       delta/lim  lambda   a             b            
   0 2.7681319057e-05   0.00e+00  9.20e-03    1.100144e-01   9.859827e-01
   1 2.7681317780e-05  -4.61e-03  9.20e-04    1.100172e-01   9.859783e-01

After 1 iterations the fit converged.
final sum of squares of residuals : 2.76813e-05
rel. change during last iteration : -4.61449e-08

degrees of freedom    (FIT_NDF)                        : 278
rms of residuals      (FIT_STDFIT) = sqrt(WSSR/ndf)    : 0.000315552
variance of residuals (reduced chisquare) = WSSR/ndf   : 9.95731e-08

Final set of parameters            Asymptotic Standard Error
=======================            ==========================
a               = 0.110017         +/- 0.005419     (4.926%)
b               = 0.985978         +/- 0.008667     (0.8791%)

correlation matrix of the fit parameters:
                a      b      
a               1.000 
b              -0.986  1.000 


*******************************************************************************
Mon Aug 20 11:45:18 2018


FIT:    data read from 'ave.h2order2'
        format = z
        x range restricted to [3.00000 : *]
        #datapoints = 280
        residuals are weighted equally (unit weight)

function used for fitting: f(x)
	f(x)=-a*exp(-(x*x)/(4*b*b))
fitted parameters initialized with current variable values

iter      chisq       delta/lim  lambda   a             b            
   0 2.7681317780e-05   0.00e+00  9.20e-03    1.100172e-01   9.859783e-01
   1 2.7681316858e-05  -3.33e-03  9.20e-04    1.100193e-01   9.859750e-01

After 1 iterations the fit converged.
final sum of squares of residuals : 2.76813e-05
rel. change during last iteration : -3.32856e-08

degrees of freedom    (FIT_NDF)                        : 278
rms of residuals      (FIT_STDFIT) = sqrt(WSSR/ndf)    : 0.000315552
variance of residuals (reduced chisquare) = WSSR/ndf   : 9.95731e-08

Final set of parameters            Asymptotic Standard Error
=======================            ==========================
a               = 0.110019         +/- 0.005419     (4.926%)
b               = 0.985975         +/- 0.008667     (0.8791%)

correlation matrix of the fit parameters:
                a      b      
a               1.000 
b              -0.986  1.000 
