

*******************************************************************************
Mon Jun  4 11:26:50 2018


FIT:    data read from 'average_electric_potential.dat' u 1:6:7
        format = x:z:s
        #datapoints = 196
function used for fitting: f(x)
	f(x)=A*exp(-k*x)
fitted parameters initialized with current variable values

BREAK: no parameter specified

*******************************************************************************
Mon Jun  4 11:27:58 2018


FIT:    data read from 'average_electric_potential.dat' u 1:6:7
        format = x:z:s
        #datapoints = 196
function used for fitting: f(x)
	f(x)=A*exp(-k*x)
fitted parameters initialized with current variable values

BREAK: no parameter specified

*******************************************************************************
Mon Jun  4 11:28:14 2018


FIT:    data read from 'average_electric_potential.dat' u 1:6:7
        format = x:z:s
        #datapoints = 196
function used for fitting: f(t)
	f(t)=A*exp(-k*t)
fitted parameters initialized with current variable values

BREAK: no parameter specified

*******************************************************************************
Mon Jun  4 11:29:03 2018


FIT:    data read from 'average_electric_potential.dat' u 1:6:7
        format = x:z:s
        #datapoints = 196
function used for fitting: f(t)
	f(t)=A*exp(-k*t)
fitted parameters initialized with current variable values

BREAK: no parameter specified

*******************************************************************************
Mon Jun  4 11:30:04 2018


FIT:    data read from 'average_electric_potential.dat' using 1:6:7
        format = x:z:s
        #datapoints = 196
function used for fitting: f(t)
	f(t)=A*exp(-k*t)
fitted parameters initialized with current variable values

BREAK: no parameter specified

*******************************************************************************
Mon Jun  4 11:30:29 2018


FIT:    data read from './average_electric_potential.dat' using 1:6:7
        format = x:z:s
        #datapoints = 196
function used for fitting: f(t)
	f(t)=A*exp(-k*t)
fitted parameters initialized with current variable values

BREAK: no parameter specified

*******************************************************************************
Mon Jun  4 11:31:56 2018


FIT:    data read from './average_electric_potential.dat' using 1:6
        format = x:z
        #datapoints = 196
        residuals are weighted equally (unit weight)

function used for fitting: f(t)
	f(t)=A*exp(-k*t)
fitted parameters initialized with current variable values

BREAK: no parameter specified

*******************************************************************************
Mon Jun  4 11:32:19 2018


FIT:    data read from './average_electric_potential.dat' using 1:6
        format = x:z
        #datapoints = 196
        residuals are weighted equally (unit weight)

function used for fitting: f(t)
	f(t)=A*exp(-k*t)
fitted parameters initialized with current variable values

BREAK: no parameter specified

*******************************************************************************
Mon Jun  4 11:32:22 2018


FIT:    data read from './average_electric_potential.dat' using 1:6
        format = x:z
        #datapoints = 196
        residuals are weighted equally (unit weight)

function used for fitting: f(t)
	f(t)=A*exp(-k*t)
fitted parameters initialized with current variable values

BREAK: no parameter specified

*******************************************************************************
Mon Jun  4 11:32:48 2018


FIT:    data read from './average_electric_potential.dat'
        format = z
        #datapoints = 196
        residuals are weighted equally (unit weight)

function used for fitting: f(t)
	f(t)=A*exp(-k*t)
fitted parameters initialized with current variable values

BREAK: no parameter specified

*******************************************************************************
Mon Jun  4 11:32:51 2018


FIT:    data read from './average_electric_potential.dat'
        format = z
        #datapoints = 196
        residuals are weighted equally (unit weight)

function used for fitting: f(t)
	f(t)=A*exp(-k*t)
BREAK: Need via and either parameter list or file

*******************************************************************************
Mon Jun  4 11:34:02 2018


FIT:    data read from './average_electric_potential.dat' u 1:6:7
        format = x:z:s
        #datapoints = 196
function used for fitting: f(x)
	f(x)=A*exp(-k*x)
fitted parameters initialized with current variable values

Warning: Initial value of parameter 'A' is zero.
Warning: Initial value of parameter 'k' is zero.
iter      chisq       delta/lim  lambda   A             k            
   0 1.5750556641e+04   0.00e+00  9.14e+01    1.000000e-30   1.000000e-30
BREAK: Singular matrix in Invert_RtR

*******************************************************************************
Mon Jun  4 11:34:13 2018


FIT:    data read from './average_electric_potential.dat' u 1:6:7
        format = x:z:s
        #datapoints = 196
function used for fitting: f(x)
	f(x)=A*exp(-k*x)
fitted parameters initialized with current variable values

Warning: Initial value of parameter 'A' is zero.
Warning: Initial value of parameter 'k' is zero.
iter      chisq       delta/lim  lambda   A             k            
   0 1.5750556641e+04   0.00e+00  9.14e+01    1.000000e-30   1.000000e-30
BREAK: Singular matrix in Invert_RtR

*******************************************************************************
Mon Jun  4 11:34:32 2018


FIT:    data read from './average_electric_potential.dat' u 1:6:7
        format = x:z:s
        #datapoints = 196
function used for fitting: f(x)
	f(x)=A*exp(-k*x)+c
fitted parameters initialized with current variable values

Warning: Initial value of parameter 'A' is zero.
Warning: Initial value of parameter 'k' is zero.
iter      chisq       delta/lim  lambda   A             k            
   0 1.5750556641e+04   0.00e+00  9.14e+01    1.000000e-30   1.000000e-30
BREAK: Singular matrix in Invert_RtR

*******************************************************************************
Mon Jun  4 11:38:37 2018


FIT:    data read from './potential_aftermax' u 1:2:3
        format = x:z:s
        #datapoints = 145
function used for fitting: f(x)
	f(x)=A*exp(-k*x)+c
fitted parameters initialized with current variable values

Warning: Initial value of parameter 'A' is zero.
Warning: Initial value of parameter 'k' is zero.
Warning: Initial value of parameter 'c' is zero.
iter      chisq       delta/lim  lambda   A             k             c            
   0 5.9150605148e+02   0.00e+00  1.22e+02    1.000000e-30   1.000000e-30   1.000000e-30
BREAK: Singular matrix in Invert_RtR

*******************************************************************************
Mon Jun  4 11:38:49 2018


FIT:    data read from './potential_aftermax' u 1:2:3
        format = x:z:s
        #datapoints = 145
function used for fitting: f(x)
	f(x)=A*exp(-k*x)+c
fitted parameters initialized with current variable values

iter      chisq       delta/lim  lambda   A             k             c            
   0 3.2429251949e+06   0.00e+00  8.64e+01    1.000000e+00   1.000000e+00   1.000000e+00
 293 2.4675874366e+01  -2.84e-01  8.64e-10    2.244355e+05   4.817461e+00   8.532286e-04

After 293 iterations the fit converged.
final sum of squares of residuals : 24.6759
rel. change during last iteration : -2.84163e-06

degrees of freedom    (FIT_NDF)                        : 142
rms of residuals      (FIT_STDFIT) = sqrt(WSSR/ndf)    : 0.416862
variance of residuals (reduced chisquare) = WSSR/ndf   : 0.173774
p-value of the Chisq distribution (FIT_P)              : 1

Final set of parameters            Asymptotic Standard Error
=======================            ==========================
A               = 224435           +/- 7.107e+04    (31.67%)
k               = 4.81746          +/- 0.1202       (2.495%)
c               = 0.000853229      +/- 0.000232     (27.19%)

correlation matrix of the fit parameters:
                A      k      c      
A               1.000 
k               0.998  1.000 
c               0.061  0.063  1.000 


*******************************************************************************
Mon Jun  4 11:40:53 2018


FIT:    data read from './potential_aftermax' u 1:2:3
        format = x:z:s
        #datapoints = 145
function used for fitting: f(x)
	f(x)=A*exp(-k*x)+c
fitted parameters initialized with current variable values

iter      chisq       delta/lim  lambda   A             k             c            
   0 3.2460829987e+26   0.00e+00  8.64e+11    1.000000e+10   1.000000e+10   1.000000e+10
BREAK: Singular matrix in Invert_RtR

*******************************************************************************
Mon Jun  4 11:41:01 2018


FIT:    data read from './potential_aftermax' u 1:2:3
        format = x:z:s
        #datapoints = 145
function used for fitting: f(x)
	f(x)=A*exp(-k*x)+c
fitted parameters initialized with current variable values


Current data point
=========================
#               = 1 out of 145
x               = -1e+10         
z               = 0.921671       

Current set of parameters
=========================
A               = -1e+10         
k               = -1e+10         
c               = -1e+10         

BREAK: Function evaluation yields NaN ("not a number")

*******************************************************************************
Mon Jun  4 11:41:08 2018


FIT:    data read from './potential_aftermax' u 1:2:3
        format = x:z:s
        #datapoints = 145
function used for fitting: f(x)
	f(x)=A*exp(-k*x)+c
fitted parameters initialized with current variable values

iter      chisq       delta/lim  lambda   A             k             c            
   0 4.3449819428e+14   0.00e+00  9.62e+06   -1.000000e+00  -1.000000e+00  -1.000000e+00
 167 5.4867750319e+02  -9.96e-01  9.62e+00   -9.741937e-02  -2.425876e-02   1.222347e-01

After 167 iterations the fit converged.
final sum of squares of residuals : 548.678
rel. change during last iteration : -9.96334e-06

degrees of freedom    (FIT_NDF)                        : 142
rms of residuals      (FIT_STDFIT) = sqrt(WSSR/ndf)    : 1.96569
variance of residuals (reduced chisquare) = WSSR/ndf   : 3.86393
p-value of the Chisq distribution (FIT_P)              : 0

Final set of parameters            Asymptotic Standard Error
=======================            ==========================
A               = -0.0974194       +/- 1.717        (1762%)
k               = -0.0242588       +/- 0.3614       (1490%)
c               = 0.122235         +/- 1.741        (1424%)

correlation matrix of the fit parameters:
                A      k      c      
A               1.000 
k              -1.000  1.000 
c              -1.000  1.000  1.000 


*******************************************************************************
Mon Jun  4 11:41:26 2018


FIT:    data read from './potential_aftermax' u 1:2:3
        format = x:z:s
        #datapoints = 145
function used for fitting: f(x)
	f(x)=A*exp(-k*x)+c
fitted parameters initialized with current variable values

iter      chisq       delta/lim  lambda   A             k             c            
   0 3.2460829987e+26   0.00e+00  8.64e+11    1.000000e+10   1.000000e+10   1.000000e+10
BREAK: Singular matrix in Invert_RtR

*******************************************************************************
Mon Jun  4 11:41:33 2018


FIT:    data read from './potential_aftermax' u 1:2:3
        format = x:z:s
        #datapoints = 145
function used for fitting: f(x)
	f(x)=A*exp(-k*x)+c
fitted parameters initialized with current variable values

iter      chisq       delta/lim  lambda   A             k             c            
   0 3.2459991270e+10   0.00e+00  8.64e+03    1.000000e+02   1.000000e+02   1.000000e+02
BREAK: Singular matrix in Invert_RtR

*******************************************************************************
Mon Jun  4 11:41:37 2018


FIT:    data read from './potential_aftermax' u 1:2:3
        format = x:z:s
        #datapoints = 145
function used for fitting: f(x)
	f(x)=A*exp(-k*x)+c
fitted parameters initialized with current variable values

iter      chisq       delta/lim  lambda   A             k             c            
   0 8.1110701232e+07   0.00e+00  4.32e+02    5.000000e+00   5.000000e+00   5.000000e+00
   3 5.8606415520e+02  -1.98e-01  4.32e-01    5.002090e+00   4.972547e+00   1.292795e-03

After 3 iterations the fit converged.
final sum of squares of residuals : 586.064
rel. change during last iteration : -1.9756e-06

degrees of freedom    (FIT_NDF)                        : 142
rms of residuals      (FIT_STDFIT) = sqrt(WSSR/ndf)    : 2.03155
variance of residuals (reduced chisquare) = WSSR/ndf   : 4.12721
p-value of the Chisq distribution (FIT_P)              : 0

Final set of parameters            Asymptotic Standard Error
=======================            ==========================
A               = 5.00209          +/- 5.501e+05    (1.1e+07%)
k               = 4.97255          +/- 4.186e+04    (8.418e+05%)
c               = 0.0012928        +/- 0.00113      (87.43%)

correlation matrix of the fit parameters:
                A      k      c      
A               1.000 
k               0.999  1.000 
c               0.060  0.061  1.000 


*******************************************************************************
Mon Jun  4 11:41:50 2018


FIT:    data read from './potential_aftermax' u 1:2:3
        format = x:z:s
        #datapoints = 145
function used for fitting: f(x)
	f(x)=A*exp(-k*x)+c
fitted parameters initialized with current variable values

iter      chisq       delta/lim  lambda   A             k             c            
   0 3.2429251949e+06   0.00e+00  8.64e+01    1.000000e+00   1.000000e+00   1.000000e+00
 293 2.4675874366e+01  -2.84e-01  8.64e-10    2.244355e+05   4.817461e+00   8.532286e-04

After 293 iterations the fit converged.
final sum of squares of residuals : 24.6759
rel. change during last iteration : -2.84163e-06

degrees of freedom    (FIT_NDF)                        : 142
rms of residuals      (FIT_STDFIT) = sqrt(WSSR/ndf)    : 0.416862
variance of residuals (reduced chisquare) = WSSR/ndf   : 0.173774
p-value of the Chisq distribution (FIT_P)              : 1

Final set of parameters            Asymptotic Standard Error
=======================            ==========================
A               = 224435           +/- 7.107e+04    (31.67%)
k               = 4.81746          +/- 0.1202       (2.495%)
c               = 0.000853229      +/- 0.000232     (27.19%)

correlation matrix of the fit parameters:
                A      k      c      
A               1.000 
k               0.998  1.000 
c               0.061  0.063  1.000 


*******************************************************************************
Mon Jun  4 11:42:59 2018


FIT:    data read from './potential_aftermax' u 1:2:3
        format = x:z:s
        #datapoints = 145
function used for fitting: f(x)
	f(x)=A*exp(-k*x)+c
fitted parameters initialized with current variable values

iter      chisq       delta/lim  lambda   A             k             c            
   0 2.0279436504e+07   0.00e+00  2.16e+02    1.000000e+00   1.000000e+00   2.500000e+00
 283 2.4675874652e+01  -2.73e-03  2.16e-09    2.243658e+05   4.817336e+00   8.532149e-04

After 283 iterations the fit converged.
final sum of squares of residuals : 24.6759
rel. change during last iteration : -2.73084e-08

degrees of freedom    (FIT_NDF)                        : 142
rms of residuals      (FIT_STDFIT) = sqrt(WSSR/ndf)    : 0.416862
variance of residuals (reduced chisquare) = WSSR/ndf   : 0.173774
p-value of the Chisq distribution (FIT_P)              : 1

Final set of parameters            Asymptotic Standard Error
=======================            ==========================
A               = 224366           +/- 7.105e+04    (31.67%)
k               = 4.81734          +/- 0.1202       (2.495%)
c               = 0.000853215      +/- 0.000232     (27.19%)

correlation matrix of the fit parameters:
                A      k      c      
A               1.000 
k               0.998  1.000 
c               0.061  0.063  1.000 


*******************************************************************************
Mon Jun  4 11:43:31 2018


FIT:    data read from './potential_aftermax' u 1:2:3
        format = x:z:s
        #datapoints = 145
function used for fitting: f(x)
	f(x)=A*exp(-k*x)+2.5
fitted parameters initialized with current variable values

iter      chisq       delta/lim  lambda   A             k            
   0 2.0274197737e+07   0.00e+00  1.77e+01    2.243658e+05   4.817336e+00
BREAK: Singular matrix in Invert_RtR

*******************************************************************************
Mon Jun  4 11:43:37 2018


FIT:    data read from './potential_aftermax' u 1:2:3
        format = x:z:s
        #datapoints = 145
function used for fitting: f(x)
	f(x)=A*exp(-k*x)+2.5
fitted parameters initialized with current variable values

iter      chisq       delta/lim  lambda   A             k            
   0 2.0279436504e+07   0.00e+00  1.47e+00    1.000000e+00   1.000000e+00
BREAK: Singular matrix in Invert_RtR

*******************************************************************************
Mon Jun  4 11:45:43 2018


FIT:    data read from './potential_aftermax' u 1:2:3
        format = x:z:s
        #datapoints = 145
function used for fitting: f(x)
	f(x)=A*exp(-k*x)
fitted parameters initialized with current variable values

iter      chisq       delta/lim  lambda   A             k            
   0 5.2250792607e+03   0.00e+00  7.57e+00    1.000000e+00   1.000000e+00
   7 2.7027976690e+01  -1.23e-02  7.57e-07    1.318096e+00   4.792523e+00

After 7 iterations the fit converged.
final sum of squares of residuals : 27.028
rel. change during last iteration : -1.2258e-07

degrees of freedom    (FIT_NDF)                        : 143
rms of residuals      (FIT_STDFIT) = sqrt(WSSR/ndf)    : 0.434749
variance of residuals (reduced chisquare) = WSSR/ndf   : 0.189007
p-value of the Chisq distribution (FIT_P)              : 1

Final set of parameters            Asymptotic Standard Error
=======================            ==========================
A               = 1.3181           +/- 0.034        (2.579%)
k               = 4.79252          +/- 0.1222       (2.551%)

correlation matrix of the fit parameters:
                A      k      
A               1.000 
k               0.705  1.000 
